2025-08-22 01:07:42,993 - ERROR - Arquivo pdf_to_txt_converter.py não encontrado no diretório atual!
2025-08-22 01:07:42,994 - ERROR - Certifique-se de que ambos os arquivos estão na mesma pasta.
2025-08-22 01:09:24,693 - ERROR - Arquivo pdf_to_txt_converter.py não encontrado no diretório atual!
2025-08-22 01:09:24,693 - ERROR - Certifique-se de que ambos os arquivos estão na mesma pasta.
2025-08-22 01:11:41,638 - INFO - === CONVERSÃO DE FISPQ PDFs PARA TXT ===
2025-08-22 01:11:41,638 - INFO - PDFs: /home/mauricio-cunha/Documentos/reconhecimento-placas-fispq-main/arquivos_pdf
2025-08-22 01:11:41,638 - INFO - TXTs: /home/mauricio-cunha/Documentos/reconhecimento-placas-fispq-main/arquivos_txt
2025-08-22 01:11:41,640 - INFO - Encontrados 454 PDFs
2025-08-22 01:11:41,665 - INFO - ✓ PyPDF2 disponível
2025-08-22 01:11:41,701 - INFO - ✓ pdfplumber disponível
2025-08-22 01:11:41,701 - WARNING - PyMuPDF não encontrado
2025-08-22 01:11:41,701 - INFO - ✓ pdfminer disponível
2025-08-22 01:11:41,701 - INFO - Métodos disponíveis: pypdf2, pdfplumber, pdfminer
2025-08-22 01:11:41,701 - INFO - Convertendo: Tween 80.pdf
2025-08-22 01:11:41,701 - INFO -   Tentando pdfplumber...
2025-08-22 01:11:41,880 - INFO -   ✓ Sucesso com pdfplumber: 7716 chars
2025-08-22 01:11:41,880 - INFO - Convertendo: Cloreto de Cobalto.pdf
2025-08-22 01:11:41,880 - INFO -   Tentando pdfplumber...
2025-08-22 01:11:42,076 - INFO -   ✓ Sucesso com pdfplumber: 8322 chars
2025-08-22 01:11:42,076 - INFO - Convertendo: Formaldeido.pdf
2025-08-22 01:11:42,076 - INFO -   Tentando pdfplumber...
2025-08-22 01:11:42,274 - INFO -   ✓ Sucesso com pdfplumber: 9376 chars
2025-08-22 01:11:42,274 - INFO - Convertendo: Cloreto de Sódio.pdf
2025-08-22 01:11:42,274 - INFO -   Tentando pdfplumber...
2025-08-22 01:11:42,459 - INFO -   ✓ Sucesso com pdfplumber: 7934 chars
2025-08-22 01:11:42,459 - INFO - Convertendo: Ácido Ortofosfórico.pdf
2025-08-22 01:11:42,459 - INFO -   Tentando pdfplumber...
2025-08-22 01:11:42,759 - INFO -   ✓ Sucesso com pdfplumber: 17161 chars
2025-08-22 01:11:42,759 - INFO - Convertendo: Gelatina em pó.pdf
2025-08-22 01:11:42,759 - INFO -   Tentando pdfplumber...
2025-08-22 01:11:42,947 - INFO -   ✓ Sucesso com pdfplumber: 7791 chars
2025-08-22 01:11:42,947 - INFO - Convertendo: Formol Inibido 37_.pdf
2025-08-22 01:11:42,947 - INFO -   Tentando pdfplumber...
2025-08-22 01:11:43,314 - INFO -   ✓ Sucesso com pdfplumber: 19645 chars
2025-08-22 01:11:43,314 - INFO - Convertendo: EDTA Sal Dissódico.pdf
2025-08-22 01:11:43,314 - INFO -   Tentando pdfplumber...
2025-08-22 01:11:43,484 - INFO -   ✓ Sucesso com pdfplumber: 7795 chars
2025-08-22 01:11:43,484 - INFO - Convertendo: Glutamato L Monossodico Monohidratado.pdf
2025-08-22 01:11:43,484 - INFO -   Tentando pdfplumber...
2025-08-22 01:11:43,680 - INFO -   ✓ Sucesso com pdfplumber: 7905 chars
2025-08-22 01:11:43,680 - INFO - Convertendo: Polivinilpirrolidona.pdf
2025-08-22 01:11:43,680 - INFO -   Tentando pdfplumber...
2025-08-22 01:11:43,859 - INFO -   ✓ Sucesso com pdfplumber: 7838 chars
2025-08-22 01:11:43,859 - INFO - Convertendo: Sulfato de Aluminio e Potássio.pdf
2025-08-22 01:11:43,859 - INFO -   Tentando pdfplumber...
2025-08-22 01:11:44,043 - INFO -   ✓ Sucesso com pdfplumber: 7875 chars
2025-08-22 01:11:44,043 - INFO - Convertendo: Galato de Bismuto Basico.pdf
2025-08-22 01:11:44,043 - INFO -   Tentando pdfplumber...
2025-08-22 01:11:44,212 - INFO -   ✓ Sucesso com pdfplumber: 7758 chars
2025-08-22 01:11:44,213 - INFO - Convertendo: Alcool Etílico Absoluto.pdf
2025-08-22 01:11:44,213 - INFO -   Tentando pdfplumber...
2025-08-22 01:11:44,433 - INFO -   ✓ Sucesso com pdfplumber: 9798 chars
2025-08-22 01:11:44,433 - INFO - Convertendo: Alcool Iso Amílico.pdf
2025-08-22 01:11:44,433 - INFO -   Tentando pdfplumber...
2025-08-22 01:11:44,643 - INFO -   ✓ Sucesso com pdfplumber: 9241 chars
2025-08-22 01:11:44,643 - INFO - Convertendo: Imidazol.pdf
2025-08-22 01:11:44,643 - INFO -   Tentando pdfplumber...
2025-08-22 01:11:44,857 - INFO -   ✓ Sucesso com pdfplumber: 9137 chars
2025-08-22 01:11:44,858 - INFO - Convertendo: Hipoclorito de Calcio.pdf
2025-08-22 01:11:44,858 - INFO -   Tentando pdfplumber...
2025-08-22 01:11:45,058 - INFO -   ✓ Sucesso com pdfplumber: 8766 chars
2025-08-22 01:11:45,058 - INFO - Convertendo: Vanilina.pdf
2025-08-22 01:11:45,058 - INFO -   Tentando pdfplumber...
2025-08-22 01:11:45,246 - INFO -   ✓ Sucesso com pdfplumber: 7927 chars
2025-08-22 01:11:45,246 - INFO - Convertendo: Butanol.pdf
2025-08-22 01:11:45,246 - INFO -   Tentando pdfplumber...
2025-08-22 01:11:45,885 - INFO -   ✓ Sucesso com pdfplumber: 29413 chars
2025-08-22 01:11:45,885 - INFO - Convertendo: Murexida.pdf
2025-08-22 01:11:45,885 - INFO -   Tentando pdfplumber...
2025-08-22 01:11:46,081 - INFO -   ✓ Sucesso com pdfplumber: 7776 chars
2025-08-22 01:11:46,081 - INFO - Convertendo: CASEÍNA HIDROLISADA PARA MICROBOLOGIA.pdf
2025-08-22 01:11:46,081 - INFO -   Tentando pdfplumber...
2025-08-22 01:11:46,314 - INFO -   ✓ Sucesso com pdfplumber: 10477 chars
2025-08-22 01:11:46,314 - INFO - Convertendo: Brometo de Cetil Trimetil Amônio.pdf
2025-08-22 01:11:46,314 - INFO -   Tentando pdfplumber...
2025-08-22 01:11:47,125 - INFO -   ✓ Sucesso com pdfplumber: 24271 chars
2025-08-22 01:11:47,125 - INFO - Convertendo: Hipofosfito de Sódio.pdf
2025-08-22 01:11:47,125 - INFO -   Tentando pdfplumber...
2025-08-22 01:11:47,329 - INFO -   ✓ Sucesso com pdfplumber: 7787 chars
2025-08-22 01:11:47,329 - INFO - Convertendo: Azul de Metileno.pdf
2025-08-22 01:11:47,329 - INFO -   Tentando pdfplumber...
2025-08-22 01:11:47,498 - INFO -   ✓ Sucesso com pdfplumber: 8001 chars
2025-08-22 01:11:47,498 - INFO - Convertendo: Ácido Rosólico.pdf
2025-08-22 01:11:47,498 - INFO -   Tentando pdfplumber...
2025-08-22 01:11:47,738 - INFO -   ✓ Sucesso com pdfplumber: 10019 chars
2025-08-22 01:11:47,738 - INFO - Convertendo: BUTENO.pdf
2025-08-22 01:11:47,738 - INFO -   Tentando pdfplumber...
2025-08-22 01:11:48,363 - INFO -   ✓ Sucesso com pdfplumber: 21180 chars
2025-08-22 01:11:48,363 - INFO - Convertendo: Metanol.pdf
2025-08-22 01:11:48,363 - INFO -   Tentando pdfplumber...
2025-08-22 01:11:48,889 - INFO -   ✓ Sucesso com pdfplumber: 35847 chars
2025-08-22 01:11:48,889 - INFO - Convertendo: Óxido de Cálcio.pdf
2025-08-22 01:11:48,889 - INFO -   Tentando pdfplumber...
2025-08-22 01:11:49,101 - INFO -   ✓ Sucesso com pdfplumber: 7815 chars
2025-08-22 01:11:49,101 - INFO - Convertendo: Nitrofenol.pdf
2025-08-22 01:11:49,101 - INFO -   Tentando pdfplumber...
2025-08-22 01:11:50,091 - INFO -   ✓ Sucesso com pdfplumber: 35065 chars
2025-08-22 01:11:50,091 - INFO - Convertendo: Sulfato de Bario.pdf
2025-08-22 01:11:50,091 - INFO -   Tentando pdfplumber...
2025-08-22 01:11:50,318 - INFO -   ✓ Sucesso com pdfplumber: 7738 chars
2025-08-22 01:11:50,318 - INFO - Convertendo: Ácido Oxálico.pdf
2025-08-22 01:11:50,318 - INFO -   Tentando pdfplumber...
2025-08-22 01:11:50,495 - INFO -   ✓ Sucesso com pdfplumber: 7905 chars
2025-08-22 01:11:50,495 - INFO - Convertendo: Ácido Calcon Carboxílico.pdf
2025-08-22 01:11:50,495 - INFO -   Tentando pdfplumber...
2025-08-22 01:11:50,867 - INFO -   ✓ Sucesso com pdfplumber: 15825 chars
2025-08-22 01:11:50,867 - INFO - Convertendo: Timerosal.pdf
2025-08-22 01:11:50,868 - INFO -   Tentando pdfplumber...
2025-08-22 01:11:51,068 - INFO -   ✓ Sucesso com pdfplumber: 8553 chars
2025-08-22 01:11:51,068 - INFO - Convertendo: Hexano N.pdf
2025-08-22 01:11:51,068 - INFO -   Tentando pdfplumber...
2025-08-22 01:11:51,291 - INFO -   ✓ Sucesso com pdfplumber: 9513 chars
2025-08-22 01:11:51,291 - INFO - Convertendo: Eter Etílico.pdf
2025-08-22 01:11:51,291 - INFO -   Tentando pdfplumber...
2025-08-22 01:11:51,522 - INFO -   ✓ Sucesso com pdfplumber: 9280 chars
2025-08-22 01:11:51,522 - INFO - Convertendo: Tripolifosfato de Sódio.pdf
2025-08-22 01:11:51,522 - INFO -   Tentando pdfplumber...
2025-08-22 01:11:51,719 - INFO -   ✓ Sucesso com pdfplumber: 7745 chars
2025-08-22 01:11:51,719 - INFO - Convertendo: Sulfato de Zinco 7H2O.pdf
2025-08-22 01:11:51,719 - INFO -   Tentando pdfplumber...
2025-08-22 01:11:51,891 - INFO -   ✓ Sucesso com pdfplumber: 7817 chars
2025-08-22 01:11:51,891 - INFO - Convertendo: Ácido Acético glacial.pdf
2025-08-22 01:11:51,891 - INFO -   Tentando pdfplumber...
2025-08-22 01:11:53,294 - INFO -   ✓ Sucesso com pdfplumber: 22329 chars
2025-08-22 01:11:53,294 - INFO - Convertendo: Cloridrato de L Cisteina Anidra.pdf
2025-08-22 01:11:53,294 - INFO -   Tentando pdfplumber...
2025-08-22 01:11:53,528 - INFO -   ✓ Sucesso com pdfplumber: 7885 chars
2025-08-22 01:11:53,528 - INFO - Convertendo: Fosfato de Cálcio Monobásico.pdf
2025-08-22 01:11:53,528 - INFO -   Tentando pdfplumber...
2025-08-22 01:11:53,714 - INFO -   ✓ Sucesso com pdfplumber: 7730 chars
2025-08-22 01:11:53,714 - INFO - Convertendo: Acrilamida.pdf
2025-08-22 01:11:53,714 - INFO -   Tentando pdfplumber...
2025-08-22 01:11:54,192 - INFO -   ✓ Sucesso com pdfplumber: 19766 chars
2025-08-22 01:11:54,192 - INFO - Convertendo: Mercaptoetanol.pdf
2025-08-22 01:11:54,192 - INFO -   Tentando pdfplumber...
2025-08-22 01:11:54,705 - INFO -   ✓ Sucesso com pdfplumber: 21172 chars
2025-08-22 01:11:54,705 - INFO - Convertendo: Tiossulfato de Sódio.pdf
2025-08-22 01:11:54,705 - INFO -   Tentando pdfplumber...
2025-08-22 01:11:54,913 - INFO -   ✓ Sucesso com pdfplumber: 7782 chars
2025-08-22 01:11:54,913 - INFO - Convertendo: Metil Iso Butil Cetona.pdf
2025-08-22 01:11:54,913 - INFO -   Tentando pdfplumber...
2025-08-22 01:11:55,122 - INFO -   ✓ Sucesso com pdfplumber: 9503 chars
2025-08-22 01:11:55,122 - INFO - Convertendo: Ácido Fosfotungstico.pdf
2025-08-22 01:11:55,122 - INFO -   Tentando pdfplumber...
2025-08-22 01:11:55,438 - INFO -   ✓ Sucesso com pdfplumber: 12890 chars
2025-08-22 01:11:55,438 - INFO - Convertendo: Persulfato de Potássio.pdf
2025-08-22 01:11:55,438 - INFO -   Tentando pdfplumber...
2025-08-22 01:11:55,650 - INFO -   ✓ Sucesso com pdfplumber: 8670 chars
2025-08-22 01:11:55,650 - INFO - Convertendo: Amônia.pdf
2025-08-22 01:11:55,650 - INFO -   Tentando pdfplumber...
2025-08-22 01:11:56,832 - INFO -   ✓ Sucesso com pdfplumber: 49960 chars
2025-08-22 01:11:56,832 - INFO - Convertendo: Zinco em Po.pdf
2025-08-22 01:11:56,832 - INFO -   Tentando pdfplumber...
2025-08-22 01:11:57,082 - INFO -   ✓ Sucesso com pdfplumber: 8742 chars
2025-08-22 01:11:57,082 - INFO - Convertendo: Scori FIex.pdf
2025-08-22 01:11:57,082 - INFO -   Tentando pdfplumber...
2025-08-22 01:11:58,276 - INFO -   ✓ Sucesso com pdfplumber: 44977 chars
2025-08-22 01:11:58,276 - INFO - Convertendo: Nitrato de Estroncio.pdf
2025-08-22 01:11:58,276 - INFO -   Tentando pdfplumber...
2025-08-22 01:11:58,497 - INFO -   ✓ Sucesso com pdfplumber: 8464 chars
2025-08-22 01:11:58,497 - INFO - Convertendo: Diuron Nortox 500 SC.pdf
2025-08-22 01:11:58,497 - INFO -   Tentando pdfplumber...
2025-08-22 01:11:59,203 - INFO -   ✓ Sucesso com pdfplumber: 42236 chars
2025-08-22 01:11:59,203 - INFO - Convertendo: Metavanadato (monovadato) de Amônia.pdf
2025-08-22 01:11:59,203 - INFO -   Tentando pdfplumber...
2025-08-22 01:11:59,340 - INFO -   ✓ Sucesso com pdfplumber: 16062 chars
2025-08-22 01:11:59,340 - INFO - Convertendo: Pentano N.pdf
2025-08-22 01:11:59,341 - INFO -   Tentando pdfplumber...
2025-08-22 01:11:59,586 - INFO -   ✓ Sucesso com pdfplumber: 9151 chars
2025-08-22 01:11:59,587 - INFO - Convertendo: Sorbato de Potássio.pdf
2025-08-22 01:11:59,587 - INFO -   Tentando pdfplumber...
2025-08-22 01:11:59,777 - INFO -   ✓ Sucesso com pdfplumber: 7727 chars
2025-08-22 01:11:59,778 - INFO - Convertendo: Ácido Ascórbico.pdf
2025-08-22 01:11:59,778 - INFO -   Tentando pdfplumber...
2025-08-22 01:11:59,965 - INFO -   ✓ Sucesso com pdfplumber: 7864 chars
2025-08-22 01:11:59,965 - INFO - Convertendo: Glutaraldeído.pdf
2025-08-22 01:11:59,965 - INFO -   Tentando pdfplumber...
2025-08-22 01:12:00,704 - INFO -   ✓ Sucesso com pdfplumber: 41772 chars
2025-08-22 01:12:00,704 - INFO - Convertendo: Timol.pdf
2025-08-22 01:12:00,704 - INFO -   Tentando pdfplumber...
2025-08-22 01:12:00,895 - INFO -   ✓ Sucesso com pdfplumber: 9032 chars
2025-08-22 01:12:00,895 - INFO - Convertendo: Hidróxido de Calcio.pdf
2025-08-22 01:12:00,895 - INFO -   Tentando pdfplumber...
2025-08-22 01:12:01,116 - INFO -   ✓ Sucesso com pdfplumber: 7949 chars
2025-08-22 01:12:01,116 - INFO - Convertendo: Glicose Anidra.pdf
2025-08-22 01:12:01,116 - INFO -   Tentando pdfplumber...
2025-08-22 01:12:01,306 - INFO -   ✓ Sucesso com pdfplumber: 7719 chars
2025-08-22 01:12:01,306 - INFO - Convertendo: Sulfato de Mercurio ICO.pdf
2025-08-22 01:12:01,306 - INFO -   Tentando pdfplumber...
2025-08-22 01:12:01,514 - INFO -   ✓ Sucesso com pdfplumber: 8761 chars
2025-08-22 01:12:01,514 - INFO - Convertendo: Azul Bromotimol.pdf
2025-08-22 01:12:01,514 - INFO -   Tentando pdfplumber...
2025-08-22 01:12:01,699 - INFO -   ✓ Sucesso com pdfplumber: 7803 chars
2025-08-22 01:12:01,699 - INFO - Convertendo: Goma Guar.pdf
2025-08-22 01:12:01,699 - INFO -   Tentando pdfplumber...
2025-08-22 01:12:01,875 - INFO -   ✓ Sucesso com pdfplumber: 7672 chars
2025-08-22 01:12:01,876 - INFO - Convertendo: Hidróxido de Magnesio.pdf
2025-08-22 01:12:01,876 - INFO -   Tentando pdfplumber...
2025-08-22 01:12:02,068 - INFO -   ✓ Sucesso com pdfplumber: 7699 chars
2025-08-22 01:12:02,068 - INFO - Convertendo: Pirofosfato de Sódio.pdf
2025-08-22 01:12:02,068 - INFO -   Tentando pdfplumber...
2025-08-22 01:12:02,251 - INFO -   ✓ Sucesso com pdfplumber: 7797 chars
2025-08-22 01:12:02,251 - INFO - Convertendo: Azida Sódica.pdf
2025-08-22 01:12:02,252 - INFO -   Tentando pdfplumber...
2025-08-22 01:12:02,452 - INFO -   ✓ Sucesso com pdfplumber: 8691 chars
2025-08-22 01:12:02,452 - INFO - Convertendo: Parafina Solida Industrial.pdf
2025-08-22 01:12:02,452 - INFO -   Tentando pdfplumber...
2025-08-22 01:12:02,836 - INFO -   ✓ Sucesso com pdfplumber: 26782 chars
2025-08-22 01:12:02,836 - INFO - Convertendo: Purpura de Bromocresol.pdf
2025-08-22 01:12:02,836 - INFO -   Tentando pdfplumber...
2025-08-22 01:12:03,028 - INFO -   ✓ Sucesso com pdfplumber: 7753 chars
2025-08-22 01:12:03,028 - INFO - Convertendo: Sulfato de Ferro OSO Seco.pdf
2025-08-22 01:12:03,028 - INFO -   Tentando pdfplumber...
2025-08-22 01:12:03,242 - INFO -   ✓ Sucesso com pdfplumber: 7970 chars
2025-08-22 01:12:03,242 - INFO - Convertendo: Ácido Peracético.pdf
2025-08-22 01:12:03,242 - INFO -   Tentando pdfplumber...
2025-08-22 01:12:03,764 - INFO -   ✓ Sucesso com pdfplumber: 23750 chars
2025-08-22 01:12:03,764 - INFO - Convertendo: Ácido Benzóico.pdf
2025-08-22 01:12:03,764 - INFO -   Tentando pdfplumber...
2025-08-22 01:12:04,920 - INFO -   ✓ Sucesso com pdfplumber: 38030 chars
2025-08-22 01:12:04,920 - INFO - Convertendo: ETILENO.pdf
2025-08-22 01:12:04,920 - INFO -   Tentando pdfplumber...
2025-08-22 01:12:05,296 - INFO -   ✓ Sucesso com pdfplumber: 19194 chars
2025-08-22 01:12:05,296 - INFO - Convertendo: Revelador.pdf
2025-08-22 01:12:05,296 - INFO -   Tentando pdfplumber...
2025-08-22 01:12:05,764 - INFO -   ✓ Sucesso com pdfplumber: 21288 chars
2025-08-22 01:12:05,765 - INFO - Convertendo: Tris Hidroximetil Aminometano.pdf
2025-08-22 01:12:05,765 - INFO -   Tentando pdfplumber...
2025-08-22 01:12:05,933 - INFO -   ✓ Sucesso com pdfplumber: 7913 chars
2025-08-22 01:12:05,934 - INFO - Convertendo: Nipagin.pdf
2025-08-22 01:12:05,934 - INFO -   Tentando pdfplumber...
2025-08-22 01:12:06,133 - INFO -   ✓ Sucesso com pdfplumber: 7739 chars
2025-08-22 01:12:06,133 - INFO - Convertendo: Histidina Monocloridrato.pdf
2025-08-22 01:12:06,133 - INFO -   Tentando pdfplumber...
2025-08-22 01:12:06,325 - INFO -   ✓ Sucesso com pdfplumber: 7824 chars
2025-08-22 01:12:06,325 - INFO - Convertendo: Sulfato Ferroso Amoniacal.pdf
2025-08-22 01:12:06,325 - INFO -   Tentando pdfplumber...
2025-08-22 01:12:06,630 - INFO -   ✓ Sucesso com pdfplumber: 13192 chars
2025-08-22 01:12:06,630 - INFO - Convertendo: Octano ISO.pdf
2025-08-22 01:12:06,630 - INFO -   Tentando pdfplumber...
2025-08-22 01:12:06,838 - INFO -   ✓ Sucesso com pdfplumber: 8907 chars
2025-08-22 01:12:06,838 - INFO - Convertendo: Ácido Pirogálico.pdf
2025-08-22 01:12:06,838 - INFO -   Tentando pdfplumber...
2025-08-22 01:12:07,040 - INFO -   ✓ Sucesso com pdfplumber: 8527 chars
2025-08-22 01:12:07,040 - INFO - Convertendo: Polietilenoglicol 300.pdf
2025-08-22 01:12:07,040 - INFO -   Tentando pdfplumber...
2025-08-22 01:12:07,229 - INFO -   ✓ Sucesso com pdfplumber: 7919 chars
2025-08-22 01:12:07,229 - INFO - Convertendo: Bicarbonato de Sódio.pdf
2025-08-22 01:12:07,229 - INFO -   Tentando pdfplumber...
2025-08-22 01:12:07,414 - INFO -   ✓ Sucesso com pdfplumber: 7804 chars
2025-08-22 01:12:07,414 - INFO - Convertendo: Cloreto de Alumínio.pdf
2025-08-22 01:12:07,414 - INFO -   Tentando pdfplumber...
2025-08-22 01:12:07,588 - INFO -   ✓ Sucesso com pdfplumber: 7790 chars
2025-08-22 01:12:07,588 - INFO - Convertendo: Propilenoglicol.pdf
2025-08-22 01:12:07,588 - INFO -   Tentando pdfplumber...
2025-08-22 01:12:07,792 - INFO -   ✓ Sucesso com pdfplumber: 7906 chars
2025-08-22 01:12:07,793 - INFO - Convertendo: Nitrato de Prata.pdf
2025-08-22 01:12:07,793 - INFO -   Tentando pdfplumber...
2025-08-22 01:12:08,002 - INFO -   ✓ Sucesso com pdfplumber: 8526 chars
2025-08-22 01:12:08,002 - INFO - Convertendo: Álcool Iodado.pdf
2025-08-22 01:12:08,002 - INFO -   Tentando pdfplumber...
2025-08-22 01:12:08,768 - INFO -   ✓ Sucesso com pdfplumber: 16138 chars
2025-08-22 01:12:08,768 - INFO - Convertendo: Ácido Tricloroacético.pdf
2025-08-22 01:12:08,768 - INFO -   Tentando pdfplumber...
2025-08-22 01:12:09,114 - INFO -   ✓ Sucesso com pdfplumber: 14732 chars
2025-08-22 01:12:09,114 - INFO - Convertendo: Cloreto de 2,3,5 trifeniltetrazólio.pdf
2025-08-22 01:12:09,114 - INFO -   Tentando pdfplumber...
2025-08-22 01:12:09,643 - INFO -   ✓ Sucesso com pdfplumber: 22535 chars
2025-08-22 01:12:09,643 - INFO - Convertendo: Solução pH 7.pdf
2025-08-22 01:12:09,643 - INFO -   Tentando pdfplumber...
2025-08-22 01:12:09,837 - INFO -   ✓ Sucesso com pdfplumber: 7657 chars
2025-08-22 01:12:09,837 - INFO - Convertendo: Óxido de Magnesio.pdf
2025-08-22 01:12:09,837 - INFO -   Tentando pdfplumber...
2025-08-22 01:12:10,007 - INFO -   ✓ Sucesso com pdfplumber: 7819 chars
2025-08-22 01:12:10,007 - INFO - Convertendo: Peroxido de Hidrogenio 50.pdf
2025-08-22 01:12:10,007 - INFO -   Tentando pdfplumber...
2025-08-22 01:12:10,230 - INFO -   ✓ Sucesso com pdfplumber: 9748 chars
2025-08-22 01:12:10,230 - INFO - Convertendo: Tolueno.pdf
2025-08-22 01:12:10,230 - INFO -   Tentando pdfplumber...
2025-08-22 01:12:10,447 - INFO -   ✓ Sucesso com pdfplumber: 9590 chars
2025-08-22 01:12:10,456 - INFO - Convertendo: Fosfato de potássio Monobásico Anidro.pdf
2025-08-22 01:12:10,456 - INFO -   Tentando pdfplumber...
2025-08-22 01:12:10,643 - INFO -   ✓ Sucesso com pdfplumber: 7941 chars
2025-08-22 01:12:10,643 - INFO - Convertendo: Periodato de Sódio Meta.pdf
2025-08-22 01:12:10,643 - INFO -   Tentando pdfplumber...
2025-08-22 01:12:10,840 - INFO -   ✓ Sucesso com pdfplumber: 8444 chars
2025-08-22 01:12:10,840 - INFO - Convertendo: Lactato de Zinco.pdf
2025-08-22 01:12:10,840 - INFO -   Tentando pdfplumber...
2025-08-22 01:12:11,025 - INFO -   ✓ Sucesso com pdfplumber: 7657 chars
2025-08-22 01:12:11,025 - INFO - Convertendo: Hipoclorito de Sódio.pdf
2025-08-22 01:12:11,025 - INFO -   Tentando pdfplumber...
2025-08-22 01:12:11,757 - INFO -   ✓ Sucesso com pdfplumber: 41541 chars
2025-08-22 01:12:11,757 - INFO - Convertendo: Fosfato de sódio Bibásico Anidro.pdf
2025-08-22 01:12:11,757 - INFO -   Tentando pdfplumber...
2025-08-22 01:12:11,930 - INFO -   ✓ Sucesso com pdfplumber: 7896 chars
2025-08-22 01:12:11,930 - INFO - Convertendo: Lanolina.pdf
2025-08-22 01:12:11,930 - INFO -   Tentando pdfplumber...
2025-08-22 01:12:12,140 - INFO -   ✓ Sucesso com pdfplumber: 7671 chars
2025-08-22 01:12:12,140 - INFO - Convertendo: Sulfato de Ferro OSO Amoniacal.pdf
2025-08-22 01:12:12,140 - INFO -   Tentando pdfplumber...
2025-08-22 01:12:12,334 - INFO -   ✓ Sucesso com pdfplumber: 7872 chars
2025-08-22 01:12:12,334 - INFO - Convertendo: Inositol.pdf
2025-08-22 01:12:12,334 - INFO -   Tentando pdfplumber...
2025-08-22 01:12:12,523 - INFO -   ✓ Sucesso com pdfplumber: 7675 chars
2025-08-22 01:12:12,523 - INFO - Convertendo: Cromato de Potássio.pdf
2025-08-22 01:12:12,523 - INFO -   Tentando pdfplumber...
2025-08-22 01:12:12,727 - INFO -   ✓ Sucesso com pdfplumber: 8651 chars
2025-08-22 01:12:12,728 - INFO - Convertendo: Bissulfato de Sódio.pdf
2025-08-22 01:12:12,728 - INFO -   Tentando pdfplumber...
2025-08-22 01:12:12,942 - INFO -   ✓ Sucesso com pdfplumber: 8955 chars
2025-08-22 01:12:12,942 - INFO - Convertendo: Fosfato de Amônio Monobásico.pdf
2025-08-22 01:12:12,942 - INFO -   Tentando pdfplumber...
2025-08-22 01:12:13,121 - INFO -   ✓ Sucesso com pdfplumber: 7881 chars
2025-08-22 01:12:13,121 - INFO - Convertendo: Trietanolamina.pdf
2025-08-22 01:12:13,121 - INFO -   Tentando pdfplumber...
2025-08-22 01:12:13,317 - INFO -   ✓ Sucesso com pdfplumber: 8164 chars
2025-08-22 01:12:13,318 - INFO - Convertendo: Gasolina-C.pdf
2025-08-22 01:12:13,318 - INFO -   Tentando pdfplumber...
2025-08-22 01:12:14,067 - INFO -   ✓ Sucesso com pdfplumber: 27591 chars
2025-08-22 01:12:14,067 - INFO - Convertendo: Álcool Isopropílico P.A.pdf
2025-08-22 01:12:14,067 - INFO -   Tentando pdfplumber...
2025-08-22 01:12:15,231 - INFO -   ✓ Sucesso com pdfplumber: 42022 chars
2025-08-22 01:12:15,231 - INFO - Convertendo: Eosina Amarelada.pdf
2025-08-22 01:12:15,231 - INFO -   Tentando pdfplumber...
2025-08-22 01:12:15,438 - INFO -   ✓ Sucesso com pdfplumber: 7802 chars
2025-08-22 01:12:15,438 - INFO - Convertendo: FOSFATO DE SÓDIO MONOBÁSICO ANIDRO.pdf
2025-08-22 01:12:15,438 - INFO -   Tentando pdfplumber...
2025-08-22 01:12:15,626 - INFO -   ✓ Sucesso com pdfplumber: 7964 chars
2025-08-22 01:12:15,626 - INFO - Convertendo: Ácido Clorídrico.pdf
2025-08-22 01:12:15,626 - INFO -   Tentando pdfplumber...
2025-08-22 01:12:17,043 - INFO -   ✓ Sucesso com pdfplumber: 23777 chars
2025-08-22 01:12:17,043 - INFO - Convertendo: Tetracloroetileno.pdf
2025-08-22 01:12:17,043 - INFO -   Tentando pdfplumber...
2025-08-22 01:12:17,293 - INFO -   ✓ Sucesso com pdfplumber: 8731 chars
2025-08-22 01:12:17,293 - INFO - Convertendo: Fucsina Acida.pdf
2025-08-22 01:12:17,293 - INFO -   Tentando pdfplumber...
2025-08-22 01:12:17,481 - INFO -   ✓ Sucesso com pdfplumber: 7641 chars
2025-08-22 01:12:17,481 - INFO - Convertendo: Monoxido de carbono.pdf
2025-08-22 01:12:17,481 - INFO -   Tentando pdfplumber...
2025-08-22 01:12:18,061 - INFO -   ✓ Sucesso com pdfplumber: 26742 chars
2025-08-22 01:12:18,061 - INFO - Convertendo: Triptofano L.pdf
2025-08-22 01:12:18,061 - INFO -   Tentando pdfplumber...
2025-08-22 01:12:18,267 - INFO -   ✓ Sucesso com pdfplumber: 7787 chars
2025-08-22 01:12:18,267 - INFO - Convertendo: Glicerina.pdf
2025-08-22 01:12:18,267 - INFO -   Tentando pdfplumber...
2025-08-22 01:12:18,464 - INFO -   ✓ Sucesso com pdfplumber: 8038 chars
2025-08-22 01:12:18,464 - INFO - Convertendo: Safranina.pdf
2025-08-22 01:12:18,464 - INFO -   Tentando pdfplumber...
2025-08-22 01:12:18,934 - INFO -   ✓ Sucesso com pdfplumber: 18837 chars
2025-08-22 01:12:18,934 - INFO - Convertendo: Lugol.pdf
2025-08-22 01:12:18,934 - INFO -   Tentando pdfplumber...
2025-08-22 01:12:19,209 - INFO -   ✓ Sucesso com pdfplumber: 10970 chars
2025-08-22 01:12:19,209 - INFO - Convertendo: Ácido Perclórico.pdf
2025-08-22 01:12:19,209 - INFO -   Tentando pdfplumber...
2025-08-22 01:12:19,407 - INFO -   ✓ Sucesso com pdfplumber: 8795 chars
2025-08-22 01:12:19,407 - INFO - Convertendo: Cloreto de Amônio.pdf
2025-08-22 01:12:19,407 - INFO -   Tentando pdfplumber...
2025-08-22 01:12:19,611 - INFO -   ✓ Sucesso com pdfplumber: 8017 chars
2025-08-22 01:12:19,611 - INFO - Convertendo: Verde de Malaquita.pdf
2025-08-22 01:12:19,611 - INFO -   Tentando pdfplumber...
2025-08-22 01:12:19,803 - INFO -   ✓ Sucesso com pdfplumber: 7818 chars
2025-08-22 01:12:19,803 - INFO - Convertendo: Sílica Gel.pdf
2025-08-22 01:12:19,803 - INFO -   Tentando pdfplumber...
2025-08-22 01:12:19,992 - INFO -   ✓ Sucesso com pdfplumber: 7609 chars
2025-08-22 01:12:19,992 - INFO - Convertendo: Paraformaldeido.pdf
2025-08-22 01:12:19,992 - INFO -   Tentando pdfplumber...
2025-08-22 01:12:20,209 - INFO -   ✓ Sucesso com pdfplumber: 8901 chars
2025-08-22 01:12:20,209 - INFO - Convertendo: Ácido Nítrico 65%.pdf
2025-08-22 01:12:20,209 - INFO -   Tentando pdfplumber...
2025-08-22 01:12:21,405 - INFO -   ✓ Sucesso com pdfplumber: 42402 chars
2025-08-22 01:12:21,405 - INFO - Convertendo: Fenol.pdf
2025-08-22 01:12:21,405 - INFO -   Tentando pdfplumber...
2025-08-22 01:12:21,635 - INFO -   ✓ Sucesso com pdfplumber: 8977 chars
2025-08-22 01:12:21,636 - INFO - Convertendo: Levedura-de-Cerveja.pdf
2025-08-22 01:12:21,636 - INFO -   Tentando pdfplumber...
2025-08-22 01:12:21,722 - INFO -   ✓ Sucesso com pdfplumber: 3438 chars
2025-08-22 01:12:21,722 - INFO - Convertendo: Quinolina.pdf
2025-08-22 01:12:21,722 - INFO -   Tentando pdfplumber...
2025-08-22 01:12:22,575 - INFO -   ✓ Sucesso com pdfplumber: 24812 chars
2025-08-22 01:12:22,575 - INFO - Convertendo: Caseina.pdf
2025-08-22 01:12:22,575 - INFO -   Tentando pdfplumber...
2025-08-22 01:12:22,775 - INFO -   ✓ Sucesso com pdfplumber: 7694 chars
2025-08-22 01:12:22,775 - INFO - Convertendo: Monoestearato de Glicerila.pdf
2025-08-22 01:12:22,775 - INFO -   Tentando pdfplumber...
2025-08-22 01:12:22,965 - INFO -   ✓ Sucesso com pdfplumber: 7792 chars
2025-08-22 01:12:22,965 - INFO - Convertendo: Tween 20.pdf
2025-08-22 01:12:22,965 - INFO -   Tentando pdfplumber...
2025-08-22 01:12:23,157 - INFO -   ✓ Sucesso com pdfplumber: 7708 chars
2025-08-22 01:12:23,158 - INFO - Convertendo: Borato de Sódio.pdf
2025-08-22 01:12:23,158 - INFO -   Tentando pdfplumber...
2025-08-22 01:12:23,332 - INFO -   ✓ Sucesso com pdfplumber: 7749 chars
2025-08-22 01:12:23,332 - INFO - Convertendo: Mercurio Metalico.pdf
2025-08-22 01:12:23,332 - INFO -   Tentando pdfplumber...
2025-08-22 01:12:23,574 - INFO -   ✓ Sucesso com pdfplumber: 10321 chars
2025-08-22 01:12:23,574 - INFO - Convertendo: Acetato de Sódio Anidro.pdf
2025-08-22 01:12:23,574 - INFO -   Tentando pdfplumber...
2025-08-22 01:12:23,762 - INFO -   ✓ Sucesso com pdfplumber: 7758 chars
2025-08-22 01:12:23,763 - INFO - Convertendo: Silicone Graxa.pdf
2025-08-22 01:12:23,763 - INFO -   Tentando pdfplumber...
2025-08-22 01:12:23,950 - INFO -   ✓ Sucesso com pdfplumber: 7691 chars
2025-08-22 01:12:23,950 - INFO - Convertendo: Lactato de Amonio.pdf
2025-08-22 01:12:23,950 - INFO -   Tentando pdfplumber...
2025-08-22 01:12:24,139 - INFO -   ✓ Sucesso com pdfplumber: 7759 chars
2025-08-22 01:12:24,139 - INFO - Convertendo: Óxido de Cobre.pdf
2025-08-22 01:12:24,139 - INFO -   Tentando pdfplumber...
2025-08-22 01:12:24,331 - INFO -   ✓ Sucesso com pdfplumber: 7878 chars
2025-08-22 01:12:24,331 - INFO - Convertendo: Acetato de Potassio.pdf
2025-08-22 01:12:24,331 - INFO -   Tentando pdfplumber...
2025-08-22 01:12:24,875 - INFO -   ✓ Sucesso com pdfplumber: 16420 chars
2025-08-22 01:12:24,875 - INFO - Convertendo: Dicromato de Potássio.pdf
2025-08-22 01:12:24,875 - INFO -   Tentando pdfplumber...
2025-08-22 01:12:25,094 - INFO -   ✓ Sucesso com pdfplumber: 8792 chars
2025-08-22 01:12:25,094 - INFO - Convertendo: Ácido Crômico.pdf
2025-08-22 01:12:25,094 - INFO -   Tentando pdfplumber...
2025-08-22 01:12:25,448 - INFO -   ✓ Sucesso com pdfplumber: 17225 chars
2025-08-22 01:12:25,448 - INFO - Convertendo: L fenilalanina.pdf
2025-08-22 01:12:25,448 - INFO -   Tentando pdfplumber...
2025-08-22 01:12:25,648 - INFO -   ✓ Sucesso com pdfplumber: 7757 chars
2025-08-22 01:12:25,648 - INFO - Convertendo: Nitrato de Zinco.pdf
2025-08-22 01:12:25,648 - INFO -   Tentando pdfplumber...
2025-08-22 01:12:25,836 - INFO -   ✓ Sucesso com pdfplumber: 8420 chars
2025-08-22 01:12:25,836 - INFO - Convertendo: Solução de Tiossulfato 01N.pdf
2025-08-22 01:12:25,836 - INFO -   Tentando pdfplumber...
2025-08-22 01:12:26,030 - INFO -   ✓ Sucesso com pdfplumber: 7652 chars
2025-08-22 01:12:26,030 - INFO - Convertendo: Timolftaleina.pdf
2025-08-22 01:12:26,030 - INFO -   Tentando pdfplumber...
2025-08-22 01:12:26,226 - INFO -   ✓ Sucesso com pdfplumber: 7792 chars
2025-08-22 01:12:26,226 - INFO - Convertendo: Clorexidina.pdf
2025-08-22 01:12:26,226 - INFO -   Tentando pdfplumber...
2025-08-22 01:12:27,277 - INFO -   ✓ Sucesso com pdfplumber: 8934 chars
2025-08-22 01:12:27,278 - INFO - Convertendo: Bifluoreto de Amônio.pdf
2025-08-22 01:12:27,278 - INFO -   Tentando pdfplumber...
2025-08-22 01:12:28,477 - INFO -   ✓ Sucesso com pdfplumber: 22508 chars
2025-08-22 01:12:28,477 - INFO - Convertendo: Sulfanilamida.pdf
2025-08-22 01:12:28,477 - INFO -   Tentando pdfplumber...
2025-08-22 01:12:28,704 - INFO -   ✓ Sucesso com pdfplumber: 7806 chars
2025-08-22 01:12:28,704 - INFO - Convertendo: Pepsina.pdf
2025-08-22 01:12:28,704 - INFO -   Tentando pdfplumber...
2025-08-22 01:12:29,001 - INFO -   ✓ Sucesso com pdfplumber: 17091 chars
2025-08-22 01:12:29,001 - INFO - Convertendo: Tartarato de Antimonio e Potássio.pdf
2025-08-22 01:12:29,001 - INFO -   Tentando pdfplumber...
2025-08-22 01:12:29,213 - INFO -   ✓ Sucesso com pdfplumber: 8588 chars
2025-08-22 01:12:29,213 - INFO - Convertendo: Violeta Cristal.pdf
2025-08-22 01:12:29,213 - INFO -   Tentando pdfplumber...
2025-08-22 01:12:29,404 - INFO -   ✓ Sucesso com pdfplumber: 7904 chars
2025-08-22 01:12:29,404 - INFO - Convertendo: Metil Etil Cetona.pdf
2025-08-22 01:12:29,404 - INFO -   Tentando pdfplumber...
2025-08-22 01:12:29,625 - INFO -   ✓ Sucesso com pdfplumber: 9297 chars
2025-08-22 01:12:29,625 - INFO - Convertendo: Ácido Clorídrico 25_.pdf
2025-08-22 01:12:29,625 - INFO -   Tentando pdfplumber...
2025-08-22 01:12:29,902 - INFO -   ✓ Sucesso com pdfplumber: 15153 chars
2025-08-22 01:12:29,903 - INFO - Convertendo: Fucsina.pdf
2025-08-22 01:12:29,903 - INFO -   Tentando pdfplumber...
2025-08-22 01:12:30,095 - INFO -   ✓ Sucesso com pdfplumber: 7842 chars
2025-08-22 01:12:30,095 - INFO - Convertendo: Nillus Cloratil.pdf
2025-08-22 01:12:30,095 - INFO -   Tentando pdfplumber...
2025-08-22 01:12:36,654 - INFO -   ✓ Sucesso com pdfplumber: 427491 chars
2025-08-22 01:12:36,654 - INFO - Convertendo: Óxido de Mercurio ICO Vermelho.pdf
2025-08-22 01:12:36,654 - INFO -   Tentando pdfplumber...
2025-08-22 01:12:36,852 - INFO -   ✓ Sucesso com pdfplumber: 8883 chars
2025-08-22 01:12:36,853 - INFO - Convertendo: ETANOL.pdf
2025-08-22 01:12:36,853 - INFO -   Tentando pdfplumber...
2025-08-22 01:12:37,321 - INFO -   ✓ Sucesso com pdfplumber: 19245 chars
2025-08-22 01:12:37,321 - INFO - Convertendo: Óleo de Silicone 350cps.pdf
2025-08-22 01:12:37,321 - INFO -   Tentando pdfplumber...
2025-08-22 01:12:37,700 - INFO -   ✓ Sucesso com pdfplumber: 7937 chars
2025-08-22 01:12:37,700 - INFO - Convertendo: Sulfato de Magnesio H2O.pdf
2025-08-22 01:12:37,700 - INFO -   Tentando pdfplumber...
2025-08-22 01:12:37,883 - INFO -   ✓ Sucesso com pdfplumber: 7940 chars
2025-08-22 01:12:37,884 - INFO - Convertendo: Oxalato de Amonio.pdf
2025-08-22 01:12:37,884 - INFO -   Tentando pdfplumber...
2025-08-22 01:12:38,080 - INFO -   ✓ Sucesso com pdfplumber: 8367 chars
2025-08-22 01:12:38,080 - INFO - Convertendo: Vaselina Solida.pdf
2025-08-22 01:12:38,080 - INFO -   Tentando pdfplumber...
2025-08-22 01:12:38,267 - INFO -   ✓ Sucesso com pdfplumber: 7870 chars
2025-08-22 01:12:38,267 - INFO - Convertendo: Cloreto de Cálcio Anidro.pdf
2025-08-22 01:12:38,267 - INFO -   Tentando pdfplumber...
2025-08-22 01:12:38,454 - INFO -   ✓ Sucesso com pdfplumber: 7838 chars
2025-08-22 01:12:38,454 - INFO - Convertendo: Enxofre.pdf
2025-08-22 01:12:38,454 - INFO -   Tentando pdfplumber...
2025-08-22 01:12:38,696 - INFO -   ✓ Sucesso com pdfplumber: 9128 chars
2025-08-22 01:12:38,696 - INFO - Convertendo: Sulfato de Magnesio Seco.pdf
2025-08-22 01:12:38,696 - INFO -   Tentando pdfplumber...
2025-08-22 01:12:38,865 - INFO -   ✓ Sucesso com pdfplumber: 7842 chars
2025-08-22 01:12:38,865 - INFO - Convertendo: Glicose pura.pdf
2025-08-22 01:12:38,865 - INFO -   Tentando pdfplumber...
2025-08-22 01:12:39,125 - INFO -   ✓ Sucesso com pdfplumber: 12120 chars
2025-08-22 01:12:39,125 - INFO - Convertendo: Sulfato de Litio.pdf
2025-08-22 01:12:39,125 - INFO -   Tentando pdfplumber...
2025-08-22 01:12:39,310 - INFO -   ✓ Sucesso com pdfplumber: 7755 chars
2025-08-22 01:12:39,310 - INFO - Convertendo: Butano.pdf
2025-08-22 01:12:39,310 - INFO -   Tentando pdfplumber...
2025-08-22 01:12:39,942 - INFO -   ✓ Sucesso com pdfplumber: 22640 chars
2025-08-22 01:12:39,942 - INFO - Convertendo: Hidróxido de Potássio.pdf
2025-08-22 01:12:39,942 - INFO -   Tentando pdfplumber...
2025-08-22 01:12:40,184 - INFO -   ✓ Sucesso com pdfplumber: 9884 chars
2025-08-22 01:12:40,184 - INFO - Convertendo: Solução de Fenolftaleina 1.pdf
2025-08-22 01:12:40,184 - INFO -   Tentando pdfplumber...
2025-08-22 01:12:40,373 - INFO -   ✓ Sucesso com pdfplumber: 8570 chars
2025-08-22 01:12:40,373 - INFO - Convertendo: Citrato de Ferro e Amônio.pdf
2025-08-22 01:12:40,373 - INFO -   Tentando pdfplumber...
2025-08-22 01:12:40,612 - INFO -   ✓ Sucesso com pdfplumber: 16287 chars
2025-08-22 01:12:40,612 - INFO - Convertendo: Ferrocianeto de Potássio.pdf
2025-08-22 01:12:40,612 - INFO -   Tentando pdfplumber...
2025-08-22 01:12:40,830 - INFO -   ✓ Sucesso com pdfplumber: 8134 chars
2025-08-22 01:12:40,830 - INFO - Convertendo: Salicilato de Metila.pdf
2025-08-22 01:12:40,830 - INFO -   Tentando pdfplumber...
2025-08-22 01:12:41,023 - INFO -   ✓ Sucesso com pdfplumber: 7858 chars
2025-08-22 01:12:41,023 - INFO - Convertendo: Agral.pdf
2025-08-22 01:12:41,023 - INFO -   Tentando pdfplumber...
2025-08-22 01:12:41,359 - INFO -   ✓ Sucesso com pdfplumber: 29253 chars
2025-08-22 01:12:41,359 - INFO - Convertendo: Sulfato de Hidroxilamina.pdf
2025-08-22 01:12:41,359 - INFO -   Tentando pdfplumber...
2025-08-22 01:12:41,962 - INFO -   ✓ Sucesso com pdfplumber: 19522 chars
2025-08-22 01:12:41,962 - INFO - Convertendo: Ácido Láctico.pdf
2025-08-22 01:12:41,962 - INFO -   Tentando pdfplumber...
2025-08-22 01:12:42,168 - INFO -   ✓ Sucesso com pdfplumber: 7925 chars
2025-08-22 01:12:42,168 - INFO - Convertendo: Difenilamina.pdf
2025-08-22 01:12:42,168 - INFO -   Tentando pdfplumber...
2025-08-22 01:12:42,765 - INFO -   ✓ Sucesso com pdfplumber: 14530 chars
2025-08-22 01:12:42,765 - INFO - Convertendo: Borax.pdf
2025-08-22 01:12:42,765 - INFO -   Tentando pdfplumber...
2025-08-22 01:12:43,423 - INFO -   ✓ Sucesso com pdfplumber: 30103 chars
2025-08-22 01:12:43,424 - INFO - Convertendo: Solução de Nitrato de Prata 01N.pdf
2025-08-22 01:12:43,424 - INFO -   Tentando pdfplumber...
2025-08-22 01:12:43,611 - INFO -   ✓ Sucesso com pdfplumber: 8297 chars
2025-08-22 01:12:43,611 - INFO - Convertendo: Salicilato de Sódio.pdf
2025-08-22 01:12:43,611 - INFO -   Tentando pdfplumber...
2025-08-22 01:12:43,824 - INFO -   ✓ Sucesso com pdfplumber: 7876 chars
2025-08-22 01:12:43,824 - INFO - Convertendo: Acetona.pdf
2025-08-22 01:12:43,824 - INFO -   Tentando pdfplumber...
2025-08-22 01:12:44,252 - INFO -   ✓ Sucesso com pdfplumber: 22072 chars
2025-08-22 01:12:44,252 - INFO - Convertendo: Hidróxido de Sódio Solução.pdf
2025-08-22 01:12:44,252 - INFO -   Tentando pdfplumber...
2025-08-22 01:12:44,487 - INFO -   ✓ Sucesso com pdfplumber: 9816 chars
2025-08-22 01:12:44,487 - INFO - Convertendo: Aspartame.pdf
2025-08-22 01:12:44,487 - INFO -   Tentando pdfplumber...
2025-08-22 01:12:44,677 - INFO -   ✓ Sucesso com pdfplumber: 7737 chars
2025-08-22 01:12:44,680 - INFO - Convertendo: Treonina L.pdf
2025-08-22 01:12:44,680 - INFO -   Tentando pdfplumber...
2025-08-22 01:12:44,867 - INFO -   ✓ Sucesso com pdfplumber: 7797 chars
2025-08-22 01:12:44,867 - INFO - Convertendo: Propileno.pdf
2025-08-22 01:12:44,867 - INFO -   Tentando pdfplumber...
2025-08-22 01:12:45,213 - INFO -   ✓ Sucesso com pdfplumber: 19084 chars
2025-08-22 01:12:45,213 - INFO - Convertendo: Cobre em pó.pdf
2025-08-22 01:12:45,213 - INFO -   Tentando pdfplumber...
2025-08-22 01:12:45,387 - INFO -   ✓ Sucesso com pdfplumber: 7833 chars
2025-08-22 01:12:45,387 - INFO - Convertendo: Ureia.pdf
2025-08-22 01:12:45,387 - INFO -   Tentando pdfplumber...
2025-08-22 01:12:45,591 - INFO -   ✓ Sucesso com pdfplumber: 7818 chars
2025-08-22 01:12:45,591 - INFO - Convertendo: Iodo.pdf
2025-08-22 01:12:45,591 - INFO -   Tentando pdfplumber...
2025-08-22 01:12:45,808 - INFO -   ✓ Sucesso com pdfplumber: 9113 chars
2025-08-22 01:12:45,808 - INFO - Convertendo: Iodeto de Prata.pdf
2025-08-22 01:12:45,808 - INFO -   Tentando pdfplumber...
2025-08-22 01:12:46,003 - INFO -   ✓ Sucesso com pdfplumber: 7953 chars
2025-08-22 01:12:46,004 - INFO - Convertendo: Metabissulfito de Sódio.pdf
2025-08-22 01:12:46,004 - INFO -   Tentando pdfplumber...
2025-08-22 01:12:46,200 - INFO -   ✓ Sucesso com pdfplumber: 8078 chars
2025-08-22 01:12:46,200 - INFO - Convertendo: Asparagina.pdf
2025-08-22 01:12:46,200 - INFO -   Tentando pdfplumber...
2025-08-22 01:12:46,660 - INFO -   ✓ Sucesso com pdfplumber: 15106 chars
2025-08-22 01:12:46,660 - INFO - Convertendo: Álcool Etílico 70%.pdf
2025-08-22 01:12:46,660 - INFO -   Tentando pdfplumber...
2025-08-22 01:12:48,291 - INFO -   ✓ Sucesso com pdfplumber: 16982 chars
2025-08-22 01:12:48,291 - INFO - Convertendo: Tiocianato de Sódio.pdf
2025-08-22 01:12:48,291 - INFO -   Tentando pdfplumber...
2025-08-22 01:12:48,520 - INFO -   ✓ Sucesso com pdfplumber: 7889 chars
2025-08-22 01:12:48,520 - INFO - Convertendo: Violeta Genciana.pdf
2025-08-22 01:12:48,520 - INFO -   Tentando pdfplumber...
2025-08-22 01:12:48,711 - INFO -   ✓ Sucesso com pdfplumber: 7920 chars
2025-08-22 01:12:48,711 - INFO - Convertendo: Difenilcarbazida.pdf
2025-08-22 01:12:48,711 - INFO -   Tentando pdfplumber...
2025-08-22 01:12:49,129 - INFO -   ✓ Sucesso com pdfplumber: 24193 chars
2025-08-22 01:12:49,129 - INFO - Convertendo: Morfolina.pdf
2025-08-22 01:12:49,129 - INFO -   Tentando pdfplumber...
2025-08-22 01:12:49,355 - INFO -   ✓ Sucesso com pdfplumber: 9308 chars
2025-08-22 01:12:49,355 - INFO - Convertendo: Cloridrato de Hidroxilamina.pdf
2025-08-22 01:12:49,355 - INFO -   Tentando pdfplumber...
2025-08-22 01:12:49,628 - INFO -   ✓ Sucesso com pdfplumber: 9560 chars
2025-08-22 01:12:49,628 - INFO - Convertendo: Fenolftaleína.pdf
2025-08-22 01:12:49,628 - INFO -   Tentando pdfplumber...
2025-08-22 01:12:49,804 - INFO -   ✓ Sucesso com pdfplumber: 7874 chars
2025-08-22 01:12:49,804 - INFO - Convertendo: Lactato de Sódio.pdf
2025-08-22 01:12:49,804 - INFO -   Tentando pdfplumber...
2025-08-22 01:12:49,998 - INFO -   ✓ Sucesso com pdfplumber: 7747 chars
2025-08-22 01:12:49,998 - INFO - Convertendo: Óxido de Mercurio ICO Amarelo.pdf
2025-08-22 01:12:49,998 - INFO -   Tentando pdfplumber...
2025-08-22 01:12:50,209 - INFO -   ✓ Sucesso com pdfplumber: 8874 chars
2025-08-22 01:12:50,209 - INFO - Convertendo: Metavanadato de amônio.pdf
2025-08-22 01:12:50,210 - INFO -   Tentando pdfplumber...
2025-08-22 01:12:50,728 - INFO -   ✓ Sucesso com pdfplumber: 13532 chars
2025-08-22 01:12:50,728 - INFO - Convertendo: Tartarato de Sódio.pdf
2025-08-22 01:12:50,728 - INFO -   Tentando pdfplumber...
2025-08-22 01:12:50,901 - INFO -   ✓ Sucesso com pdfplumber: 7770 chars
2025-08-22 01:12:50,901 - INFO - Convertendo: Óxido de Lantanio.pdf
2025-08-22 01:12:50,901 - INFO -   Tentando pdfplumber...
2025-08-22 01:12:51,342 - INFO -   ✓ Sucesso com pdfplumber: 10629 chars
2025-08-22 01:12:51,342 - INFO - Convertendo: Violeta de Metila.pdf
2025-08-22 01:12:51,342 - INFO -   Tentando pdfplumber...
2025-08-22 01:12:51,537 - INFO -   ✓ Sucesso com pdfplumber: 7964 chars
2025-08-22 01:12:51,537 - INFO - Convertendo: Ácido Tartárico.pdf
2025-08-22 01:12:51,537 - INFO -   Tentando pdfplumber...
2025-08-22 01:12:51,846 - INFO -   ✓ Sucesso com pdfplumber: 12754 chars
2025-08-22 01:12:51,846 - INFO - Convertendo: Nitrato de Aluminio.pdf
2025-08-22 01:12:51,846 - INFO -   Tentando pdfplumber...
2025-08-22 01:12:52,034 - INFO -   ✓ Sucesso com pdfplumber: 8281 chars
2025-08-22 01:12:52,034 - INFO - Convertendo: LEVEDO DE CERVEJA PÓ.pdf
2025-08-22 01:12:52,034 - INFO -   Tentando pdfplumber...
2025-08-22 01:12:53,012 - INFO -   ✓ Sucesso com pdfplumber: 3669 chars
2025-08-22 01:12:53,012 - INFO - Convertendo: Cianeto de Sódio.pdf
2025-08-22 01:12:53,012 - INFO -   Tentando pdfplumber...
2025-08-22 01:12:53,636 - INFO -   ✓ Sucesso com pdfplumber: 26455 chars
2025-08-22 01:12:53,636 - INFO - Convertendo: Sulfato de Magnesio 7H2O.pdf
2025-08-22 01:12:53,636 - INFO -   Tentando pdfplumber...
2025-08-22 01:12:53,844 - INFO -   ✓ Sucesso com pdfplumber: 7918 chars
2025-08-22 01:12:53,844 - INFO - Convertendo: Dicromato de Sódio.pdf
2025-08-22 01:12:53,844 - INFO -   Tentando pdfplumber...
2025-08-22 01:12:54,043 - INFO -   ✓ Sucesso com pdfplumber: 9083 chars
2025-08-22 01:12:54,043 - INFO - Convertendo: Para Xileno.pdf
2025-08-22 01:12:54,043 - INFO -   Tentando pdfplumber...
2025-08-22 01:12:55,038 - INFO -   ✓ Sucesso com pdfplumber: 48089 chars
2025-08-22 01:12:55,038 - INFO - Convertendo: Sulfato de Sódio Anidro.pdf
2025-08-22 01:12:55,038 - INFO -   Tentando pdfplumber...
2025-08-22 01:12:55,253 - INFO -   ✓ Sucesso com pdfplumber: 7929 chars
2025-08-22 01:12:55,253 - INFO - Convertendo: Persulfato de Amonio.pdf
2025-08-22 01:12:55,253 - INFO -   Tentando pdfplumber...
2025-08-22 01:12:55,460 - INFO -   ✓ Sucesso com pdfplumber: 8795 chars
2025-08-22 01:12:55,461 - INFO - Convertendo: Serina L.pdf
2025-08-22 01:12:55,461 - INFO -   Tentando pdfplumber...
2025-08-22 01:12:55,631 - INFO -   ✓ Sucesso com pdfplumber: 7716 chars
2025-08-22 01:12:55,631 - INFO - Convertendo: Solução de EDTA 01 M.pdf
2025-08-22 01:12:55,631 - INFO -   Tentando pdfplumber...
2025-08-22 01:12:55,816 - INFO -   ✓ Sucesso com pdfplumber: 7556 chars
2025-08-22 01:12:55,816 - INFO - Convertendo: Rapel Acefato.pdf
2025-08-22 01:12:55,816 - INFO -   Tentando pdfplumber...
2025-08-22 01:12:56,496 - INFO -   ✓ Sucesso com pdfplumber: 36725 chars
2025-08-22 01:12:56,496 - INFO - Convertendo: Nitrato de Amônio.pdf
2025-08-22 01:12:56,496 - INFO -   Tentando pdfplumber...
2025-08-22 01:12:57,120 - INFO -   ✓ Sucesso com pdfplumber: 34806 chars
2025-08-22 01:12:57,120 - INFO - Convertendo: Lauril Eter Sulfato de Sódio.pdf
2025-08-22 01:12:57,120 - INFO -   Tentando pdfplumber...
2025-08-22 01:12:57,346 - INFO -   ✓ Sucesso com pdfplumber: 8013 chars
2025-08-22 01:12:57,346 - INFO - Convertendo: Amido Solúvel.pdf
2025-08-22 01:12:57,347 - INFO -   Tentando pdfplumber...
2025-08-22 01:12:57,531 - INFO -   ✓ Sucesso com pdfplumber: 7853 chars
2025-08-22 01:12:57,531 - INFO - Convertendo: Hexametafosfato de Sódio.pdf
2025-08-22 01:12:57,531 - INFO -   Tentando pdfplumber...
2025-08-22 01:12:57,701 - INFO -   ✓ Sucesso com pdfplumber: 7815 chars
2025-08-22 01:12:57,701 - INFO - Convertendo: DMA 806 EC 2.4d.pdf
2025-08-22 01:12:57,701 - INFO -   Tentando pdfplumber...
2025-08-22 01:12:58,487 - INFO -   ✓ Sucesso com pdfplumber: 31687 chars
2025-08-22 01:12:58,488 - INFO - Convertendo: Alaranjado de Metila.pdf
2025-08-22 01:12:58,488 - INFO -   Tentando pdfplumber...
2025-08-22 01:12:58,699 - INFO -   ✓ Sucesso com pdfplumber: 7988 chars
2025-08-22 01:12:58,699 - INFO - Convertendo: Lactato de Calcio.pdf
2025-08-22 01:12:58,699 - INFO -   Tentando pdfplumber...
2025-08-22 01:12:58,873 - INFO -   ✓ Sucesso com pdfplumber: 7851 chars
2025-08-22 01:12:58,873 - INFO - Convertendo: Óxido de cromo.pdf
2025-08-22 01:12:58,873 - INFO -   Tentando pdfplumber...
2025-08-22 01:12:59,678 - INFO -   ✓ Sucesso com pdfplumber: 34088 chars
2025-08-22 01:12:59,678 - INFO - Convertendo: Sulfato de Cobre Pentahidratado.pdf
2025-08-22 01:12:59,678 - INFO -   Tentando pdfplumber...
2025-08-22 01:12:59,885 - INFO -   ✓ Sucesso com pdfplumber: 7852 chars
2025-08-22 01:12:59,885 - INFO - Convertendo: Polietilenoglicol 400.pdf
2025-08-22 01:12:59,885 - INFO -   Tentando pdfplumber...
2025-08-22 01:13:00,070 - INFO -   ✓ Sucesso com pdfplumber: 7829 chars
2025-08-22 01:13:00,070 - INFO - Convertendo: Extram.pdf
2025-08-22 01:13:00,070 - INFO -   Tentando pdfplumber...
2025-08-22 01:13:00,213 - INFO -   ✓ Sucesso com pdfplumber: 8764 chars
2025-08-22 01:13:00,214 - INFO - Convertendo: FOSFATO DE SÓDIO BIBÁSICO 7H2O.pdf
2025-08-22 01:13:00,214 - INFO -   Tentando pdfplumber...
2025-08-22 01:13:00,384 - INFO -   ✓ Sucesso com pdfplumber: 7808 chars
2025-08-22 01:13:00,384 - INFO - Convertendo: Naftaleno.pdf
2025-08-22 01:13:00,384 - INFO -   Tentando pdfplumber...
2025-08-22 01:13:01,301 - INFO -   ✓ Sucesso com pdfplumber: 48653 chars
2025-08-22 01:13:01,301 - INFO - Convertendo: Vanadato de Amônio Meta.pdf
2025-08-22 01:13:01,301 - INFO -   Tentando pdfplumber...
2025-08-22 01:13:01,638 - INFO -   ✓ Sucesso com pdfplumber: 13734 chars
2025-08-22 01:13:01,638 - INFO - Convertendo: Benzoato de Benzila.pdf
2025-08-22 01:13:01,638 - INFO -   Tentando pdfplumber...
2025-08-22 01:13:01,826 - INFO -   ✓ Sucesso com pdfplumber: 7915 chars
2025-08-22 01:13:01,826 - INFO - Convertendo: Provado.pdf
2025-08-22 01:13:01,826 - INFO -   Tentando pdfplumber...
2025-08-22 01:13:02,381 - INFO -   ✓ Sucesso com pdfplumber: 22562 chars
2025-08-22 01:13:02,381 - INFO - Convertendo: Iodeto de Mercurio.pdf
2025-08-22 01:13:02,381 - INFO -   Tentando pdfplumber...
2025-08-22 01:13:02,594 - INFO -   ✓ Sucesso com pdfplumber: 8789 chars
2025-08-22 01:13:02,594 - INFO - Convertendo: Sulfeto de Sódio 9H2O.pdf
2025-08-22 01:13:02,594 - INFO -   Tentando pdfplumber...
2025-08-22 01:13:02,836 - INFO -   ✓ Sucesso com pdfplumber: 9374 chars
2025-08-22 01:13:02,836 - INFO - Convertendo: Hidróxido de Amônio 28-30%.pdf
2025-08-22 01:13:02,836 - INFO -   Tentando pdfplumber...
2025-08-22 01:13:03,180 - INFO -   ✓ Sucesso com pdfplumber: 20476 chars
2025-08-22 01:13:03,180 - INFO - Convertendo: CAP 30-45.pdf
2025-08-22 01:13:03,180 - INFO -   Tentando pdfplumber...
2025-08-22 01:13:03,595 - INFO -   ✓ Sucesso com pdfplumber: 19877 chars
2025-08-22 01:13:03,595 - INFO - Convertendo: Propanol.pdf
2025-08-22 01:13:03,596 - INFO -   Tentando pdfplumber...
2025-08-22 01:13:04,061 - INFO -   ✓ Sucesso com pdfplumber: 19730 chars
2025-08-22 01:13:04,061 - INFO - Convertendo: Mops.pdf
2025-08-22 01:13:04,062 - INFO -   Tentando pdfplumber...
2025-08-22 01:13:04,282 - INFO -   ✓ Sucesso com pdfplumber: 8098 chars
2025-08-22 01:13:04,282 - INFO - Convertendo: Hematoxilina.pdf
2025-08-22 01:13:04,282 - INFO -   Tentando pdfplumber...
2025-08-22 01:13:04,504 - INFO -   ✓ Sucesso com pdfplumber: 9552 chars
2025-08-22 01:13:04,504 - INFO - Convertendo: Sulfato de Manganês II Monohidrato Pa.pdf
2025-08-22 01:13:04,504 - INFO -   Tentando pdfplumber...
2025-08-22 01:13:05,008 - INFO -   ✓ Sucesso com pdfplumber: 31925 chars
2025-08-22 01:13:05,008 - INFO - Convertendo: Sulfato de Calcio.pdf
2025-08-22 01:13:05,008 - INFO -   Tentando pdfplumber...
2025-08-22 01:13:05,178 - INFO -   ✓ Sucesso com pdfplumber: 7720 chars
2025-08-22 01:13:05,178 - INFO - Convertendo: Leucina L.pdf
2025-08-22 01:13:05,178 - INFO -   Tentando pdfplumber...
2025-08-22 01:13:05,378 - INFO -   ✓ Sucesso com pdfplumber: 7808 chars
2025-08-22 01:13:05,378 - INFO - Convertendo: Tetraborato de Sódio Decahidratado.pdf
2025-08-22 01:13:05,378 - INFO -   Tentando pdfplumber...
2025-08-22 01:13:05,838 - INFO -   ✓ Sucesso com pdfplumber: 29509 chars
2025-08-22 01:13:05,838 - INFO - Convertendo: Metionina L.pdf
2025-08-22 01:13:05,838 - INFO -   Tentando pdfplumber...
2025-08-22 01:13:06,042 - INFO -   ✓ Sucesso com pdfplumber: 7774 chars
2025-08-22 01:13:06,042 - INFO - Convertendo: Giensa em pó.pdf
2025-08-22 01:13:06,042 - INFO -   Tentando pdfplumber...
2025-08-22 01:13:06,227 - INFO -   ✓ Sucesso com pdfplumber: 7848 chars
2025-08-22 01:13:06,227 - INFO - Convertendo: Ácido Cítrico Anidro.pdf
2025-08-22 01:13:06,227 - INFO -   Tentando pdfplumber...
2025-08-22 01:13:07,159 - INFO -   ✓ Sucesso com pdfplumber: 16980 chars
2025-08-22 01:13:07,159 - INFO - Convertendo: DTPA.pdf
2025-08-22 01:13:07,159 - INFO -   Tentando pdfplumber...
2025-08-22 01:13:07,293 - INFO -   ✓ Sucesso com pdfplumber: 5523 chars
2025-08-22 01:13:07,293 - INFO - Convertendo: Mentol.pdf
2025-08-22 01:13:07,293 - INFO -   Tentando pdfplumber...
2025-08-22 01:13:07,470 - INFO -   ✓ Sucesso com pdfplumber: 7736 chars
2025-08-22 01:13:07,471 - INFO - Convertendo: Óxido de Zinco.pdf
2025-08-22 01:13:07,471 - INFO -   Tentando pdfplumber...
2025-08-22 01:13:07,671 - INFO -   ✓ Sucesso com pdfplumber: 7848 chars
2025-08-22 01:13:07,671 - INFO - Convertendo: Nitrato de Cobalto.pdf
2025-08-22 01:13:07,671 - INFO -   Tentando pdfplumber...
2025-08-22 01:13:07,888 - INFO -   ✓ Sucesso com pdfplumber: 8746 chars
2025-08-22 01:13:07,888 - INFO - Convertendo: Sulfato de Ferro OSO 7H2O.pdf
2025-08-22 01:13:07,888 - INFO -   Tentando pdfplumber...
2025-08-22 01:13:08,086 - INFO -   ✓ Sucesso com pdfplumber: 7908 chars
2025-08-22 01:13:08,086 - INFO - Convertendo: Diclorometano.pdf
2025-08-22 01:13:08,086 - INFO -   Tentando pdfplumber...
2025-08-22 01:13:08,301 - INFO -   ✓ Sucesso com pdfplumber: 9102 chars
2025-08-22 01:13:08,301 - INFO - Convertendo: Selenio em Po.pdf
2025-08-22 01:13:08,301 - INFO -   Tentando pdfplumber...
2025-08-22 01:13:08,509 - INFO -   ✓ Sucesso com pdfplumber: 8668 chars
2025-08-22 01:13:08,509 - INFO - Convertendo: Sulfito de Sódio Anidro.pdf
2025-08-22 01:13:08,509 - INFO -   Tentando pdfplumber...
2025-08-22 01:13:08,991 - INFO -   ✓ Sucesso com pdfplumber: 12038 chars
2025-08-22 01:13:08,991 - INFO - Convertendo: Óleo de Silicone 50cps.pdf
2025-08-22 01:13:08,991 - INFO -   Tentando pdfplumber...
2025-08-22 01:13:09,186 - INFO -   ✓ Sucesso com pdfplumber: 7906 chars
2025-08-22 01:13:09,186 - INFO - Convertendo: Fosfato de Cálcio Tribásico.pdf
2025-08-22 01:13:09,186 - INFO -   Tentando pdfplumber...
2025-08-22 01:13:09,374 - INFO -   ✓ Sucesso com pdfplumber: 7760 chars
2025-08-22 01:13:09,374 - INFO - Convertendo: Verde Brilhante.pdf
2025-08-22 01:13:09,374 - INFO -   Tentando pdfplumber...
2025-08-22 01:13:09,544 - INFO -   ✓ Sucesso com pdfplumber: 7788 chars
2025-08-22 01:13:09,544 - INFO - Convertendo: Solução pH 4.pdf
2025-08-22 01:13:09,544 - INFO -   Tentando pdfplumber...
2025-08-22 01:13:09,734 - INFO -   ✓ Sucesso com pdfplumber: 7570 chars
2025-08-22 01:13:09,734 - INFO - Convertendo: Molibdato de Amonio.pdf
2025-08-22 01:13:09,734 - INFO -   Tentando pdfplumber...
2025-08-22 01:13:09,929 - INFO -   ✓ Sucesso com pdfplumber: 7790 chars
2025-08-22 01:13:09,929 - INFO - Convertendo: Hidroxido de Amonio.pdf
2025-08-22 01:13:09,930 - INFO -   Tentando pdfplumber...
2025-08-22 01:13:10,150 - INFO -   ✓ Sucesso com pdfplumber: 9743 chars
2025-08-22 01:13:10,151 - INFO - Convertendo: Antrona.pdf
2025-08-22 01:13:10,151 - INFO -   Tentando pdfplumber...
2025-08-22 01:13:10,509 - INFO -   ✓ Sucesso com pdfplumber: 15474 chars
2025-08-22 01:13:10,510 - INFO - Convertendo: Parafina Histologica.pdf
2025-08-22 01:13:10,510 - INFO -   Tentando pdfplumber...
2025-08-22 01:13:10,681 - INFO -   ✓ Sucesso com pdfplumber: 7760 chars
2025-08-22 01:13:10,681 - INFO - Convertendo: Cloreto de Potássio.pdf
2025-08-22 01:13:10,682 - INFO -   Tentando pdfplumber...
2025-08-22 01:13:10,888 - INFO -   ✓ Sucesso com pdfplumber: 7842 chars
2025-08-22 01:13:10,888 - INFO - Convertendo: Solução de Cloreto de Potássio 3M Saturada.pdf
2025-08-22 01:13:10,888 - INFO -   Tentando pdfplumber...
2025-08-22 01:13:11,074 - INFO -   ✓ Sucesso com pdfplumber: 7860 chars
2025-08-22 01:13:11,074 - INFO - Convertendo: Isoflurano.pdf
2025-08-22 01:13:11,074 - INFO -   Tentando pdfplumber...
2025-08-22 01:13:11,403 - INFO -   ✓ Sucesso com pdfplumber: 14501 chars
2025-08-22 01:13:11,403 - INFO - Convertendo: Sulfito de Sódio.pdf
2025-08-22 01:13:11,403 - INFO -   Tentando pdfplumber...
2025-08-22 01:13:11,593 - INFO -   ✓ Sucesso com pdfplumber: 7868 chars
2025-08-22 01:13:11,593 - INFO - Convertendo: Hidroquinona.pdf
2025-08-22 01:13:11,593 - INFO -   Tentando pdfplumber...
2025-08-22 01:13:12,191 - INFO -   ✓ Sucesso com pdfplumber: 24414 chars
2025-08-22 01:13:12,191 - INFO - Convertendo: Glicose Monohidratada.pdf
2025-08-22 01:13:12,191 - INFO -   Tentando pdfplumber...
2025-08-22 01:13:12,404 - INFO -   ✓ Sucesso com pdfplumber: 7825 chars
2025-08-22 01:13:12,404 - INFO - Convertendo: Resorcina.pdf
2025-08-22 01:13:12,404 - INFO -   Tentando pdfplumber...
2025-08-22 01:13:12,620 - INFO -   ✓ Sucesso com pdfplumber: 8632 chars
2025-08-22 01:13:12,620 - INFO - Convertendo: Fixador de Raios X.pdf
2025-08-22 01:13:12,621 - INFO -   Tentando pdfplumber...
2025-08-22 01:13:12,825 - INFO -   ✓ Sucesso com pdfplumber: 7027 chars
2025-08-22 01:13:12,825 - INFO - Convertendo: Sulfato de Cobalto.pdf
2025-08-22 01:13:12,825 - INFO -   Tentando pdfplumber...
2025-08-22 01:13:13,469 - INFO -   ✓ Sucesso com pdfplumber: 20505 chars
2025-08-22 01:13:13,469 - INFO - Convertendo: Fosfato de Cálcio Bibásico Dihidratado.pdf
2025-08-22 01:13:13,470 - INFO -   Tentando pdfplumber...
2025-08-22 01:13:13,642 - INFO -   ✓ Sucesso com pdfplumber: 7924 chars
2025-08-22 01:13:13,643 - INFO - Convertendo: Fosfato Natural Reativo.pdf
2025-08-22 01:13:13,643 - INFO -   Tentando pdfplumber...
2025-08-22 01:13:13,645 - WARNING - Cannot set gray stroke color because /'P13' is an invalid float value
2025-08-22 01:13:13,645 - WARNING - Cannot set gray non-stroke color because /'P13' is an invalid float value
2025-08-22 01:13:13,645 - WARNING - Cannot set gray stroke color because /'P22' is an invalid float value
2025-08-22 01:13:13,645 - WARNING - Cannot set gray non-stroke color because /'P22' is an invalid float value
2025-08-22 01:13:13,645 - WARNING - Cannot set gray stroke color because /'P27' is an invalid float value
2025-08-22 01:13:13,645 - WARNING - Cannot set gray non-stroke color because /'P27' is an invalid float value
2025-08-22 01:13:13,645 - WARNING - Cannot set gray stroke color because /'P32' is an invalid float value
2025-08-22 01:13:13,645 - WARNING - Cannot set gray non-stroke color because /'P32' is an invalid float value
2025-08-22 01:13:13,659 - WARNING - Cannot set gray stroke color because /'P64' is an invalid float value
2025-08-22 01:13:13,659 - WARNING - Cannot set gray non-stroke color because /'P64' is an invalid float value
2025-08-22 01:13:13,660 - WARNING - Cannot set gray stroke color because /'P73' is an invalid float value
2025-08-22 01:13:13,660 - WARNING - Cannot set gray non-stroke color because /'P73' is an invalid float value
2025-08-22 01:13:13,660 - WARNING - Cannot set gray stroke color because /'P78' is an invalid float value
2025-08-22 01:13:13,660 - WARNING - Cannot set gray non-stroke color because /'P78' is an invalid float value
2025-08-22 01:13:13,660 - WARNING - Cannot set gray stroke color because /'P83' is an invalid float value
2025-08-22 01:13:13,661 - WARNING - Cannot set gray non-stroke color because /'P83' is an invalid float value
2025-08-22 01:13:13,665 - INFO -   ✓ Sucesso com pdfplumber: 660 chars
2025-08-22 01:13:13,665 - INFO - Convertendo: Iodoformio.pdf
2025-08-22 01:13:13,665 - INFO -   Tentando pdfplumber...
2025-08-22 01:13:13,876 - INFO -   ✓ Sucesso com pdfplumber: 7962 chars
2025-08-22 01:13:13,877 - INFO - Convertendo: Citrato de sódio dihidratado.pdf
2025-08-22 01:13:13,877 - INFO -   Tentando pdfplumber...
2025-08-22 01:13:14,068 - INFO -   ✓ Sucesso com pdfplumber: 7804 chars
2025-08-22 01:13:14,068 - INFO - Convertendo: Hexametilenotetramina.pdf
2025-08-22 01:13:14,068 - INFO -   Tentando pdfplumber...
2025-08-22 01:13:14,289 - INFO -   ✓ Sucesso com pdfplumber: 8829 chars
2025-08-22 01:13:14,289 - INFO - Convertendo: EDTA.pdf
2025-08-22 01:13:14,289 - INFO -   Tentando pdfplumber...
2025-08-22 01:13:14,770 - INFO -   ✓ Sucesso com pdfplumber: 12295 chars
2025-08-22 01:13:14,770 - INFO - Convertendo: Sulfato de Amonio.pdf
2025-08-22 01:13:14,770 - INFO -   Tentando pdfplumber...
2025-08-22 01:13:14,977 - INFO -   ✓ Sucesso com pdfplumber: 8013 chars
2025-08-22 01:13:14,978 - INFO - Convertendo: Peroxido de Hidrogenio 35.pdf
2025-08-22 01:13:14,978 - INFO -   Tentando pdfplumber...
2025-08-22 01:13:15,224 - INFO -   ✓ Sucesso com pdfplumber: 9794 chars
2025-08-22 01:13:15,224 - INFO - Convertendo: Piridina.pdf
2025-08-22 01:13:15,224 - INFO -   Tentando pdfplumber...
2025-08-22 01:13:15,459 - INFO -   ✓ Sucesso com pdfplumber: 9133 chars
2025-08-22 01:13:15,460 - INFO - Convertendo: Carvão Ativo Pó.pdf
2025-08-22 01:13:15,460 - INFO -   Tentando pdfplumber...
2025-08-22 01:13:15,651 - INFO -   ✓ Sucesso com pdfplumber: 7791 chars
2025-08-22 01:13:15,651 - INFO - Convertendo: Óleo Diesel B.pdf
2025-08-22 01:13:15,651 - INFO -   Tentando pdfplumber...
2025-08-22 01:13:16,226 - INFO -   ✓ Sucesso com pdfplumber: 21689 chars
2025-08-22 01:13:16,226 - INFO - Convertendo: Tiocianato de Amonio.pdf
2025-08-22 01:13:16,226 - INFO -   Tentando pdfplumber...
2025-08-22 01:13:16,428 - INFO -   ✓ Sucesso com pdfplumber: 7916 chars
2025-08-22 01:13:16,428 - INFO - Convertendo: Acetato de Magnésio.pdf
2025-08-22 01:13:16,428 - INFO -   Tentando pdfplumber...
2025-08-22 01:13:16,834 - INFO -   ✓ Sucesso com pdfplumber: 9870 chars
2025-08-22 01:13:16,834 - INFO - Convertendo: Carbonato de Cálcio.pdf
2025-08-22 01:13:16,834 - INFO -   Tentando pdfplumber...
2025-08-22 01:13:17,022 - INFO -   ✓ Sucesso com pdfplumber: 7665 chars
2025-08-22 01:13:17,022 - INFO - Convertendo: Levedura.pdf
2025-08-22 01:13:17,022 - INFO -   Tentando pdfplumber...
2025-08-22 01:13:24,930 - INFO -   ✓ Sucesso com pdfplumber: 12459 chars
2025-08-22 01:13:24,930 - INFO - Convertendo: Ácido 3,5 Dinitrosalicilico.pdf
2025-08-22 01:13:24,930 - INFO -   Tentando pdfplumber...
2025-08-22 01:13:25,233 - INFO -   ✓ Sucesso com pdfplumber: 13079 chars
2025-08-22 01:13:25,233 - INFO - Convertendo: Hidróxido de Lítio.pdf
2025-08-22 01:13:25,233 - INFO -   Tentando pdfplumber...
2025-08-22 01:13:25,618 - INFO -   ✓ Sucesso com pdfplumber: 18150 chars
2025-08-22 01:13:25,618 - INFO - Convertendo: Cianeto de Potássio.pdf
2025-08-22 01:13:25,618 - INFO -   Tentando pdfplumber...
2025-08-22 01:13:26,492 - INFO -   ✓ Sucesso com pdfplumber: 18783 chars
2025-08-22 01:13:26,492 - INFO - Convertendo: Óxido Nitroso.pdf
2025-08-22 01:13:26,492 - INFO -   Tentando pdfplumber...
2025-08-22 01:13:26,870 - INFO -   ✓ Sucesso com pdfplumber: 20924 chars
2025-08-22 01:13:26,870 - INFO - Convertendo: Polietilenoglicol 4000.pdf
2025-08-22 01:13:26,870 - INFO -   Tentando pdfplumber...
2025-08-22 01:13:27,079 - INFO -   ✓ Sucesso com pdfplumber: 7856 chars
2025-08-22 01:13:27,079 - INFO - Convertendo: Ácido Fosfomolíbdico.pdf
2025-08-22 01:13:27,079 - INFO -   Tentando pdfplumber...
2025-08-22 01:13:27,408 - INFO -   ✓ Sucesso com pdfplumber: 14706 chars
2025-08-22 01:13:27,408 - INFO - Convertendo: Tirosina L.pdf
2025-08-22 01:13:27,408 - INFO -   Tentando pdfplumber...
2025-08-22 01:13:27,595 - INFO -   ✓ Sucesso com pdfplumber: 7694 chars
2025-08-22 01:13:27,595 - INFO - Convertendo: Solução de Acido Cloridrico 1N.pdf
2025-08-22 01:13:27,595 - INFO -   Tentando pdfplumber...
2025-08-22 01:13:27,808 - INFO -   ✓ Sucesso com pdfplumber: 8720 chars
2025-08-22 01:13:27,808 - INFO - Convertendo: Solução pH 2.pdf
2025-08-22 01:13:27,808 - INFO -   Tentando pdfplumber...
2025-08-22 01:13:27,990 - INFO -   ✓ Sucesso com pdfplumber: 7570 chars
2025-08-22 01:13:27,990 - INFO - Convertendo: Gluconato de Sodio.pdf
2025-08-22 01:13:27,990 - INFO -   Tentando pdfplumber...
2025-08-22 01:13:28,158 - INFO -   ✓ Sucesso com pdfplumber: 7749 chars
2025-08-22 01:13:28,158 - INFO - Convertendo: Heptano N.pdf
2025-08-22 01:13:28,158 - INFO -   Tentando pdfplumber...
2025-08-22 01:13:28,380 - INFO -   ✓ Sucesso com pdfplumber: 9167 chars
2025-08-22 01:13:28,381 - INFO - Convertendo: Ácido Pícrico.pdf
2025-08-22 01:13:28,381 - INFO -   Tentando pdfplumber...
2025-08-22 01:13:28,712 - INFO -   ✓ Sucesso com pdfplumber: 15056 chars
2025-08-22 01:13:28,713 - INFO - Convertendo: Molibdato de Sódio.pdf
2025-08-22 01:13:28,713 - INFO -   Tentando pdfplumber...
2025-08-22 01:13:28,914 - INFO -   ✓ Sucesso com pdfplumber: 7780 chars
2025-08-22 01:13:28,914 - INFO - Convertendo: Zinco Granalha.pdf
2025-08-22 01:13:28,914 - INFO -   Tentando pdfplumber...
2025-08-22 01:13:29,083 - INFO -   ✓ Sucesso com pdfplumber: 7818 chars
2025-08-22 01:13:29,084 - INFO - Convertendo: Tioureia.pdf
2025-08-22 01:13:29,084 - INFO -   Tentando pdfplumber...
2025-08-22 01:13:29,285 - INFO -   ✓ Sucesso com pdfplumber: 8405 chars
2025-08-22 01:13:29,285 - INFO - Convertendo: Vitamina B1.pdf
2025-08-22 01:13:29,285 - INFO -   Tentando pdfplumber...
2025-08-22 01:13:29,478 - INFO -   ✓ Sucesso com pdfplumber: 7760 chars
2025-08-22 01:13:29,478 - INFO - Convertendo: Histidina L Base.pdf
2025-08-22 01:13:29,478 - INFO -   Tentando pdfplumber...
2025-08-22 01:13:29,662 - INFO -   ✓ Sucesso com pdfplumber: 7711 chars
2025-08-22 01:13:29,662 - INFO - Convertendo: Tricloroetileno.pdf
2025-08-22 01:13:29,662 - INFO -   Tentando pdfplumber...
2025-08-22 01:13:29,866 - INFO -   ✓ Sucesso com pdfplumber: 8744 chars
2025-08-22 01:13:29,866 - INFO - Convertendo: Solução K.pdf
2025-08-22 01:13:29,866 - INFO -   Tentando pdfplumber...
2025-08-22 01:13:30,110 - INFO -   ✓ Sucesso com pdfplumber: 10386 chars
2025-08-22 01:13:30,110 - INFO - Convertendo: Frutose.pdf
2025-08-22 01:13:30,110 - INFO -   Tentando pdfplumber...
2025-08-22 01:13:30,293 - INFO -   ✓ Sucesso com pdfplumber: 7629 chars
2025-08-22 01:13:30,293 - INFO - Convertendo: Valina L.pdf
2025-08-22 01:13:30,293 - INFO -   Tentando pdfplumber...
2025-08-22 01:13:30,463 - INFO -   ✓ Sucesso com pdfplumber: 7771 chars
2025-08-22 01:13:30,464 - INFO - Convertendo: Fosfato de Potássio Bibásico Anidro.pdf
2025-08-22 01:13:30,464 - INFO -   Tentando pdfplumber...
2025-08-22 01:13:30,670 - INFO -   ✓ Sucesso com pdfplumber: 7856 chars
2025-08-22 01:13:30,670 - INFO - Convertendo: Ácido Pirogálico PA.pdf
2025-08-22 01:13:30,670 - INFO -   Tentando pdfplumber...
2025-08-22 01:13:31,192 - INFO -   ✓ Sucesso com pdfplumber: 13383 chars
2025-08-22 01:13:31,192 - INFO - Convertendo: Ácido Clorídrico 37%.pdf
2025-08-22 01:13:31,192 - INFO -   Tentando pdfplumber...
2025-08-22 01:13:31,744 - INFO -   ✓ Sucesso com pdfplumber: 31600 chars
2025-08-22 01:13:31,744 - INFO - Convertendo: Pentano ISO.pdf
2025-08-22 01:13:31,744 - INFO -   Tentando pdfplumber...
2025-08-22 01:13:31,943 - INFO -   ✓ Sucesso com pdfplumber: 9046 chars
2025-08-22 01:13:31,943 - INFO - Convertendo: Triton X 100.pdf
2025-08-22 01:13:31,943 - INFO -   Tentando pdfplumber...
2025-08-22 01:13:32,161 - INFO -   ✓ Sucesso com pdfplumber: 8550 chars
2025-08-22 01:13:32,162 - INFO - Convertendo: Fluoreto de Potássio.pdf
2025-08-22 01:13:32,162 - INFO -   Tentando pdfplumber...
2025-08-22 01:13:32,367 - INFO -   ✓ Sucesso com pdfplumber: 8603 chars
2025-08-22 01:13:32,367 - INFO - Convertendo: Fosfato Diamônio DAP.pdf
2025-08-22 01:13:32,367 - INFO -   Tentando pdfplumber...
2025-08-22 01:13:33,355 - INFO -   ✓ Sucesso com pdfplumber: 36619 chars
2025-08-22 01:13:33,355 - INFO - Convertendo: Acetato de Chumbo Neutro.pdf
2025-08-22 01:13:33,355 - INFO -   Tentando pdfplumber...
2025-08-22 01:13:33,573 - INFO -   ✓ Sucesso com pdfplumber: 8500 chars
2025-08-22 01:13:33,573 - INFO - Convertendo: Polietilenoglicol 6000.pdf
2025-08-22 01:13:33,573 - INFO -   Tentando pdfplumber...
2025-08-22 01:13:33,778 - INFO -   ✓ Sucesso com pdfplumber: 7847 chars
2025-08-22 01:13:33,778 - INFO - Convertendo: Periodato de Potássio Meta.pdf
2025-08-22 01:13:33,778 - INFO -   Tentando pdfplumber...
2025-08-22 01:13:33,994 - INFO -   ✓ Sucesso com pdfplumber: 8318 chars
2025-08-22 01:13:33,994 - INFO - Convertendo: Nitrato de Ferro ICO.pdf
2025-08-22 01:13:33,994 - INFO -   Tentando pdfplumber...
2025-08-22 01:13:34,185 - INFO -   ✓ Sucesso com pdfplumber: 8426 chars
2025-08-22 01:13:34,185 - INFO - Convertendo: Nicotinamida.pdf
2025-08-22 01:13:34,185 - INFO -   Tentando pdfplumber...
2025-08-22 01:13:34,387 - INFO -   ✓ Sucesso com pdfplumber: 7904 chars
2025-08-22 01:13:34,387 - INFO - Convertendo: Cloreto de Mercúrio ICO.pdf
2025-08-22 01:13:34,387 - INFO -   Tentando pdfplumber...
2025-08-22 01:13:34,604 - INFO -   ✓ Sucesso com pdfplumber: 9283 chars
2025-08-22 01:13:34,604 - INFO - Convertendo: Sulfato de Aluminio.pdf
2025-08-22 01:13:34,604 - INFO -   Tentando pdfplumber...
2025-08-22 01:13:34,802 - INFO -   ✓ Sucesso com pdfplumber: 7794 chars
2025-08-22 01:13:34,802 - INFO - Convertendo: Cal Sodada Absorvedor de CO2.pdf
2025-08-22 01:13:34,802 - INFO -   Tentando pdfplumber...
2025-08-22 01:13:35,033 - INFO -   ✓ Sucesso com pdfplumber: 9110 chars
2025-08-22 01:13:35,033 - INFO - Convertendo: Solução de Cloreto de Potássio 3M.pdf
2025-08-22 01:13:35,033 - INFO -   Tentando pdfplumber...
2025-08-22 01:13:35,225 - INFO -   ✓ Sucesso com pdfplumber: 7679 chars
2025-08-22 01:13:35,225 - INFO - Convertendo: Hexano.pdf
2025-08-22 01:13:35,225 - INFO -   Tentando pdfplumber...
2025-08-22 01:13:35,453 - INFO -   ✓ Sucesso com pdfplumber: 9388 chars
2025-08-22 01:13:35,453 - INFO - Convertendo: Ácido Tioglicólico.pdf
2025-08-22 01:13:35,453 - INFO -   Tentando pdfplumber...
2025-08-22 01:13:35,666 - INFO -   ✓ Sucesso com pdfplumber: 9124 chars
2025-08-22 01:13:35,666 - INFO - Convertendo: Xilol.pdf
2025-08-22 01:13:35,667 - INFO -   Tentando pdfplumber...
2025-08-22 01:13:35,874 - INFO -   ✓ Sucesso com pdfplumber: 9459 chars
2025-08-22 01:13:35,874 - INFO - Convertendo: Bissulfato de Potássio.pdf
2025-08-22 01:13:35,874 - INFO -   Tentando pdfplumber...
2025-08-22 01:13:36,101 - INFO -   ✓ Sucesso com pdfplumber: 9001 chars
2025-08-22 01:13:36,101 - INFO - Convertendo: Sulfato de Ferro III (ICO).pdf
2025-08-22 01:13:36,101 - INFO -   Tentando pdfplumber...
2025-08-22 01:13:36,419 - INFO -   ✓ Sucesso com pdfplumber: 14057 chars
2025-08-22 01:13:36,420 - INFO - Convertendo: Hidróxido de Sódio.pdf
2025-08-22 01:13:36,420 - INFO -   Tentando pdfplumber...
2025-08-22 01:13:36,659 - INFO -   ✓ Sucesso com pdfplumber: 9729 chars
2025-08-22 01:13:36,659 - INFO - Convertendo: Fluoreto de Sódio.pdf
2025-08-22 01:13:36,659 - INFO -   Tentando pdfplumber...
2025-08-22 01:13:36,864 - INFO -   ✓ Sucesso com pdfplumber: 8557 chars
2025-08-22 01:13:36,864 - INFO - Convertendo: Ácido Fluorídrico.pdf
2025-08-22 01:13:36,864 - INFO -   Tentando pdfplumber...
2025-08-22 01:13:37,974 - INFO -   ✓ Sucesso com pdfplumber: 23372 chars
2025-08-22 01:13:37,974 - INFO - Convertendo: Manganês Ultra.pdf
2025-08-22 01:13:37,974 - INFO -   Tentando pdfplumber...
2025-08-22 01:13:38,398 - INFO -   ✓ Sucesso com pdfplumber: 18167 chars
2025-08-22 01:13:38,398 - INFO - Convertendo: Cloreto de Cálcio Dihidratado.pdf
2025-08-22 01:13:38,398 - INFO -   Tentando pdfplumber...
2025-08-22 01:13:38,606 - INFO -   ✓ Sucesso com pdfplumber: 7931 chars
2025-08-22 01:13:38,606 - INFO - Convertendo: Naftol.pdf
2025-08-22 01:13:38,606 - INFO -   Tentando pdfplumber...
2025-08-22 01:13:39,133 - INFO -   ✓ Sucesso com pdfplumber: 14037 chars
2025-08-22 01:13:39,134 - INFO - Convertendo: Fosfato de Amônio Bibásico.pdf
2025-08-22 01:13:39,134 - INFO -   Tentando pdfplumber...
2025-08-22 01:13:39,341 - INFO -   ✓ Sucesso com pdfplumber: 7859 chars
2025-08-22 01:13:39,342 - INFO - Convertendo: Solução de Iodo Cloro Seg Wijs.pdf
2025-08-22 01:13:39,342 - INFO -   Tentando pdfplumber...
2025-08-22 01:13:39,548 - INFO -   ✓ Sucesso com pdfplumber: 8703 chars
2025-08-22 01:13:39,548 - INFO - Convertendo: Preto de Eriocromo.pdf
2025-08-22 01:13:39,548 - INFO -   Tentando pdfplumber...
2025-08-22 01:13:39,717 - INFO -   ✓ Sucesso com pdfplumber: 7830 chars
2025-08-22 01:13:39,717 - INFO - Convertendo: Nitrito de Sódio.pdf
2025-08-22 01:13:39,718 - INFO -   Tentando pdfplumber...
2025-08-22 01:13:39,939 - INFO -   ✓ Sucesso com pdfplumber: 8692 chars
2025-08-22 01:13:39,939 - INFO - Convertendo: Zinco Granulado 20 Mesh.pdf
2025-08-22 01:13:39,939 - INFO -   Tentando pdfplumber...
2025-08-22 01:13:40,123 - INFO -   ✓ Sucesso com pdfplumber: 7809 chars
2025-08-22 01:13:40,123 - INFO - Convertendo: Paracetamol.pdf
2025-08-22 01:13:40,123 - INFO -   Tentando pdfplumber...
2025-08-22 01:13:40,310 - INFO -   ✓ Sucesso com pdfplumber: 7844 chars
2025-08-22 01:13:40,310 - INFO - Convertendo: Sulfato de Potassio Anidro.pdf
2025-08-22 01:13:40,310 - INFO -   Tentando pdfplumber...
2025-08-22 01:13:40,508 - INFO -   ✓ Sucesso com pdfplumber: 7842 chars
2025-08-22 01:13:40,508 - INFO - Convertendo: Leucina ISO L.pdf
2025-08-22 01:13:40,509 - INFO -   Tentando pdfplumber...
2025-08-22 01:13:40,679 - INFO -   ✓ Sucesso com pdfplumber: 7833 chars
2025-08-22 01:13:40,680 - INFO - Convertendo: Prata em Po.pdf
2025-08-22 01:13:40,680 - INFO -   Tentando pdfplumber...
2025-08-22 01:13:40,866 - INFO -   ✓ Sucesso com pdfplumber: 7616 chars
2025-08-22 01:13:40,866 - INFO - Convertendo: Sulfato de Prata.pdf
2025-08-22 01:13:40,866 - INFO -   Tentando pdfplumber...
2025-08-22 01:13:41,060 - INFO -   ✓ Sucesso com pdfplumber: 7724 chars
2025-08-22 01:13:41,060 - INFO - Convertendo: Ferricianeto de Potássio.pdf
2025-08-22 01:13:41,060 - INFO -   Tentando pdfplumber...
2025-08-22 01:13:41,246 - INFO -   ✓ Sucesso com pdfplumber: 7756 chars
2025-08-22 01:13:41,246 - INFO - Convertendo: Alcool Metílico.pdf
2025-08-22 01:13:41,246 - INFO -   Tentando pdfplumber...
2025-08-22 01:13:41,474 - INFO -   ✓ Sucesso com pdfplumber: 9898 chars
2025-08-22 01:13:41,475 - INFO - Convertendo: Ácido Sulfúrico.pdf
2025-08-22 01:13:41,475 - INFO -   Tentando pdfplumber...
2025-08-22 01:13:42,695 - INFO -   ✓ Sucesso com pdfplumber: 45218 chars
2025-08-22 01:13:42,695 - INFO - Convertendo: Polietilenoglicol 1500.pdf
2025-08-22 01:13:42,695 - INFO -   Tentando pdfplumber...
2025-08-22 01:13:42,909 - INFO -   ✓ Sucesso com pdfplumber: 7798 chars
2025-08-22 01:13:42,909 - INFO - Convertendo: Sulfato de Cobre II 5h2O.pdf
2025-08-22 01:13:42,909 - INFO -   Tentando pdfplumber...
2025-08-22 01:13:43,900 - INFO -   ✓ Sucesso com pdfplumber: 36154 chars
2025-08-22 01:13:43,900 - INFO - Convertendo: Solução pH 10.pdf
2025-08-22 01:13:43,900 - INFO -   Tentando pdfplumber...
2025-08-22 01:13:44,104 - INFO -   ✓ Sucesso com pdfplumber: 7577 chars
2025-08-22 01:13:44,105 - INFO - Convertendo: Xileno.pdf
2025-08-22 01:13:44,105 - INFO -   Tentando pdfplumber...
2025-08-22 01:13:44,877 - INFO -   ✓ Sucesso com pdfplumber: 52494 chars
2025-08-22 01:13:44,877 - INFO - Convertendo: Nitrato de Calcio.pdf
2025-08-22 01:13:44,877 - INFO -   Tentando pdfplumber...
2025-08-22 01:13:45,064 - INFO -   ✓ Sucesso com pdfplumber: 8369 chars
2025-08-22 01:13:45,064 - INFO - Convertendo: Miristato de Isopropila.pdf
2025-08-22 01:13:45,064 - INFO -   Tentando pdfplumber...
2025-08-22 01:13:45,298 - INFO -   ✓ Sucesso com pdfplumber: 7908 chars
2025-08-22 01:13:45,298 - INFO - Convertendo: Acetato de cálcio.pdf
2025-08-22 01:13:45,298 - INFO -   Tentando pdfplumber...
2025-08-22 01:13:45,775 - INFO -   ✓ Sucesso com pdfplumber: 11575 chars
2025-08-22 01:13:45,775 - INFO - Convertendo: Eter de Petróleo 30-70.pdf
2025-08-22 01:13:45,775 - INFO -   Tentando pdfplumber...
2025-08-22 01:13:45,997 - INFO -   ✓ Sucesso com pdfplumber: 9296 chars
2025-08-22 01:13:45,997 - INFO - Convertendo: Nitrato de Cobre.pdf
2025-08-22 01:13:45,997 - INFO -   Tentando pdfplumber...
2025-08-22 01:13:46,217 - INFO -   ✓ Sucesso com pdfplumber: 8791 chars
2025-08-22 01:13:46,217 - INFO - Convertendo: Iodeto de Sodio.pdf
2025-08-22 01:13:46,217 - INFO -   Tentando pdfplumber...
2025-08-22 01:13:46,418 - INFO -   ✓ Sucesso com pdfplumber: 7860 chars
2025-08-22 01:13:46,418 - INFO - Convertendo: Sacarose.pdf
2025-08-22 01:13:46,418 - INFO -   Tentando pdfplumber...
2025-08-22 01:13:46,619 - INFO -   ✓ Sucesso com pdfplumber: 7858 chars
2025-08-22 01:13:46,619 - INFO - Convertendo: Tetrahidrofurano.pdf
2025-08-22 01:13:46,619 - INFO -   Tentando pdfplumber...
2025-08-22 01:13:46,835 - INFO -   ✓ Sucesso com pdfplumber: 9191 chars
2025-08-22 01:13:46,835 - INFO - Convertendo: Permanganato de Potássio.pdf
2025-08-22 01:13:46,835 - INFO -   Tentando pdfplumber...
2025-08-22 01:13:47,055 - INFO -   ✓ Sucesso com pdfplumber: 8786 chars
2025-08-22 01:13:47,055 - INFO - Convertendo: Nitrato de Sódio.pdf
2025-08-22 01:13:47,055 - INFO -   Tentando pdfplumber...
2025-08-22 01:13:47,270 - INFO -   ✓ Sucesso com pdfplumber: 8671 chars
2025-08-22 01:13:47,270 - INFO - Convertendo: Metil Pirrolidona.pdf
2025-08-22 01:13:47,270 - INFO -   Tentando pdfplumber...
2025-08-22 01:13:47,447 - INFO -   ✓ Sucesso com pdfplumber: 8008 chars
2025-08-22 01:13:47,447 - INFO - Convertendo: Óxido de Chumbo.pdf
2025-08-22 01:13:47,447 - INFO -   Tentando pdfplumber...
2025-08-22 01:13:47,661 - INFO -   ✓ Sucesso com pdfplumber: 8476 chars
2025-08-22 01:13:47,662 - INFO - Convertendo: Recop Oxicloreto de Cobre.pdf
2025-08-22 01:13:47,662 - INFO -   Tentando pdfplumber...
2025-08-22 01:13:48,234 - INFO -   ✓ Sucesso com pdfplumber: 22080 chars
2025-08-22 01:13:48,234 - INFO - Convertendo: Glutamina L.pdf
2025-08-22 01:13:48,234 - INFO -   Tentando pdfplumber...
2025-08-22 01:13:48,410 - INFO -   ✓ Sucesso com pdfplumber: 7761 chars
2025-08-22 01:13:48,411 - INFO - Convertendo: Subcarbonato de Bismuto.pdf
2025-08-22 01:13:48,411 - INFO -   Tentando pdfplumber...
2025-08-22 01:13:48,632 - INFO -   ✓ Sucesso com pdfplumber: 7732 chars
2025-08-22 01:13:48,632 - INFO - Convertendo: Ciclohexano.pdf
2025-08-22 01:13:48,632 - INFO -   Tentando pdfplumber...
2025-08-22 01:13:48,866 - INFO -   ✓ Sucesso com pdfplumber: 9569 chars
2025-08-22 01:13:48,866 - INFO - Convertendo: Ácido Fosfórico.pdf
2025-08-22 01:13:48,866 - INFO -   Tentando pdfplumber...
2025-08-22 01:13:50,062 - INFO -   ✓ Sucesso com pdfplumber: 44904 chars
2025-08-22 01:13:50,062 - INFO - Convertendo: Dimetilsulfóxido.pdf
2025-08-22 01:13:50,062 - INFO -   Tentando pdfplumber...
2025-08-22 01:13:50,280 - INFO -   ✓ Sucesso com pdfplumber: 7924 chars
2025-08-22 01:13:50,280 - INFO - Convertendo: Vaselina Liquida.pdf
2025-08-22 01:13:50,280 - INFO -   Tentando pdfplumber...
2025-08-22 01:13:50,478 - INFO -   ✓ Sucesso com pdfplumber: 7851 chars
2025-08-22 01:13:50,478 - INFO - Convertendo: Hidróxido de Bario.pdf
2025-08-22 01:13:50,478 - INFO -   Tentando pdfplumber...
2025-08-22 01:13:50,705 - INFO -   ✓ Sucesso com pdfplumber: 9134 chars
2025-08-22 01:13:50,705 - INFO - Convertendo: Sulfadiazina.pdf
2025-08-22 01:13:50,705 - INFO -   Tentando pdfplumber...
2025-08-22 01:13:50,896 - INFO -   ✓ Sucesso com pdfplumber: 7800 chars
2025-08-22 01:13:50,896 - INFO - Convertendo: Tiocianato de Potássio.pdf
2025-08-22 01:13:50,896 - INFO -   Tentando pdfplumber...
2025-08-22 01:13:51,086 - INFO -   ✓ Sucesso com pdfplumber: 7874 chars
2025-08-22 01:13:51,086 - INFO - Convertendo: Talco.pdf
2025-08-22 01:13:51,086 - INFO -   Tentando pdfplumber...
2025-08-22 01:13:51,260 - INFO -   ✓ Sucesso com pdfplumber: 7709 chars
2025-08-22 01:13:51,260 - INFO - Convertendo: Goma Arabica.pdf
2025-08-22 01:13:51,260 - INFO -   Tentando pdfplumber...
2025-08-22 01:13:51,464 - INFO -   ✓ Sucesso com pdfplumber: 7705 chars
2025-08-22 01:13:51,464 - INFO - Convertendo: Grafite em Po.pdf
2025-08-22 01:13:51,464 - INFO -   Tentando pdfplumber...
2025-08-22 01:13:51,650 - INFO -   ✓ Sucesso com pdfplumber: 7826 chars
2025-08-22 01:13:51,650 - INFO - Convertendo: PROPANODIOL.pdf
2025-08-22 01:13:51,650 - INFO -   Tentando pdfplumber...
2025-08-22 01:13:52,528 - INFO -   ✓ Sucesso com pdfplumber: 25835 chars
2025-08-22 01:13:52,528 - INFO - Convertendo: Nitrato de Potássio.pdf
2025-08-22 01:13:52,528 - INFO -   Tentando pdfplumber...
2025-08-22 01:13:52,768 - INFO -   ✓ Sucesso com pdfplumber: 8844 chars
2025-08-22 01:13:52,768 - INFO - Convertendo: Alizarina.pdf
2025-08-22 01:13:52,768 - INFO -   Tentando pdfplumber...
2025-08-22 01:13:52,962 - INFO -   ✓ Sucesso com pdfplumber: 7761 chars
2025-08-22 01:13:52,962 - INFO - Convertendo: Ornitina L Cloridrato.pdf
2025-08-22 01:13:52,962 - INFO -   Tentando pdfplumber...
2025-08-22 01:13:53,138 - INFO -   ✓ Sucesso com pdfplumber: 7914 chars
2025-08-22 01:13:53,138 - INFO - Convertendo: Rodamina B.pdf
2025-08-22 01:13:53,138 - INFO -   Tentando pdfplumber...
2025-08-22 01:13:53,338 - INFO -   ✓ Sucesso com pdfplumber: 7802 chars
2025-08-22 01:13:53,338 - INFO - Convertendo: Parafina 140 145.pdf
2025-08-22 01:13:53,338 - INFO -   Tentando pdfplumber...
2025-08-22 01:13:53,521 - INFO -   ✓ Sucesso com pdfplumber: 7762 chars
2025-08-22 01:13:53,521 - INFO - Convertendo: Prata Granulada.pdf
2025-08-22 01:13:53,521 - INFO -   Tentando pdfplumber...
2025-08-22 01:13:53,709 - INFO -   ✓ Sucesso com pdfplumber: 7644 chars
2025-08-22 01:13:53,710 - INFO - Convertendo: Sulfato de Aluminio e Amonio.pdf
2025-08-22 01:13:53,710 - INFO -   Tentando pdfplumber...
2025-08-22 01:13:53,886 - INFO -   ✓ Sucesso com pdfplumber: 7836 chars
2025-08-22 01:13:53,886 - INFO - Convertendo: Orthofosfato Trissódico.pdf
2025-08-22 01:13:53,886 - INFO -   Tentando pdfplumber...
2025-08-22 01:13:54,684 - INFO -   ✓ Sucesso com pdfplumber: 14306 chars
2025-08-22 01:13:54,684 - INFO - Convertendo: Oxalato de Potássio.pdf
2025-08-22 01:13:54,684 - INFO -   Tentando pdfplumber...
2025-08-22 01:13:54,895 - INFO -   ✓ Sucesso com pdfplumber: 8314 chars
2025-08-22 01:13:54,895 - INFO - Convertendo: Óxido de Prata.pdf
2025-08-22 01:13:54,895 - INFO -   Tentando pdfplumber...
2025-08-22 01:13:55,103 - INFO -   ✓ Sucesso com pdfplumber: 8506 chars
2025-08-22 01:13:55,103 - INFO - Convertendo: Fluoresceina Sódica.pdf
2025-08-22 01:13:55,104 - INFO -   Tentando pdfplumber...
2025-08-22 01:13:55,299 - INFO -   ✓ Sucesso com pdfplumber: 7756 chars
2025-08-22 01:13:55,299 - INFO - Convertendo: Gasolina-A.pdf
2025-08-22 01:13:55,299 - INFO -   Tentando pdfplumber...
2025-08-22 01:13:55,949 - INFO -   ✓ Sucesso com pdfplumber: 23696 chars
2025-08-22 01:13:55,949 - INFO - Convertendo: Prolina L.pdf
2025-08-22 01:13:55,949 - INFO -   Tentando pdfplumber...
2025-08-22 01:13:56,158 - INFO -   ✓ Sucesso com pdfplumber: 7711 chars
2025-08-22 01:13:56,158 - INFO - Convertendo: Acetato de Amônio.pdf
2025-08-22 01:13:56,158 - INFO -   Tentando pdfplumber...
2025-08-22 01:13:56,699 - INFO -   ✓ Sucesso com pdfplumber: 17180 chars
2025-08-22 01:13:56,699 - INFO - Convertendo: Iodeto de Potassio.pdf
2025-08-22 01:13:56,699 - INFO -   Tentando pdfplumber...
2025-08-22 01:13:56,892 - INFO -   ✓ Sucesso com pdfplumber: 7867 chars
2025-08-22 01:13:56,892 - INFO - Convertendo: Brometo de Sódio.pdf
2025-08-22 01:13:56,892 - INFO -   Tentando pdfplumber...
2025-08-22 01:13:57,063 - INFO -   ✓ Sucesso com pdfplumber: 7870 chars
2025-08-22 01:13:57,063 - INFO - Convertendo: Querosene de Aviação.pdf
2025-08-22 01:13:57,063 - INFO -   Tentando pdfplumber...
2025-08-22 01:13:57,678 - INFO -   ✓ Sucesso com pdfplumber: 38859 chars
2025-08-22 01:13:57,678 - INFO - Convertendo: FOSFATO DE SÓDIO BIBÁSICO 12H2O.pdf
2025-08-22 01:13:57,678 - INFO -   Tentando pdfplumber...
2025-08-22 01:13:57,880 - INFO -   ✓ Sucesso com pdfplumber: 7864 chars
2025-08-22 01:13:57,880 - INFO - Convertendo: Sorbitol 70.pdf
2025-08-22 01:13:57,880 - INFO -   Tentando pdfplumber...
2025-08-22 01:13:58,080 - INFO -   ✓ Sucesso com pdfplumber: 7841 chars
2025-08-22 01:13:58,080 - INFO - Convertendo: GLP.pdf
2025-08-22 01:13:58,080 - INFO -   Tentando pdfplumber...
2025-08-22 01:13:58,554 - INFO -   ✓ Sucesso com pdfplumber: 20217 chars
2025-08-22 01:13:58,554 - INFO - Convertendo: Manitol.pdf
2025-08-22 01:13:58,554 - INFO -   Tentando pdfplumber...
2025-08-22 01:13:58,727 - INFO -   ✓ Sucesso com pdfplumber: 7874 chars
2025-08-22 01:13:58,728 - INFO - Convertendo: Fosfato de Cálcio Bibásico Anidro.pdf
2025-08-22 01:13:58,728 - INFO -   Tentando pdfplumber...
2025-08-22 01:13:58,937 - INFO -   ✓ Sucesso com pdfplumber: 7859 chars
2025-08-22 01:13:58,937 - INFO - Convertendo: Tartarato de Sódio e Potássio.pdf
2025-08-22 01:13:58,937 - INFO -   Tentando pdfplumber...
2025-08-22 01:13:59,153 - INFO -   ✓ Sucesso com pdfplumber: 7850 chars
2025-08-22 01:13:59,153 - INFO - Convertendo: Verde de Bromocresol.pdf
2025-08-22 01:13:59,153 - INFO -   Tentando pdfplumber...
2025-08-22 01:13:59,356 - INFO -   ✓ Sucesso com pdfplumber: 7873 chars
2025-08-22 01:13:59,357 - INFO - Convertendo: Ácido Nítrico.pdf
2025-08-22 01:13:59,357 - INFO -   Tentando pdfplumber...
2025-08-22 01:14:00,127 - INFO -   ✓ Sucesso com pdfplumber: 24772 chars
2025-08-22 01:14:00,127 - INFO - Convertendo: Amarelo Metanil.pdf
2025-08-22 01:14:00,128 - INFO -   Tentando pdfplumber...
2025-08-22 01:14:00,601 - INFO -   ✓ Sucesso com pdfplumber: 21248 chars
2025-08-22 01:14:00,601 - INFO - Convertendo: Arsenito de Sódio.pdf
2025-08-22 01:14:00,601 - INFO -   Tentando pdfplumber...
2025-08-22 01:14:00,956 - INFO -   ✓ Sucesso com pdfplumber: 14153 chars
2025-08-22 01:14:00,965 - INFO - Convertendo: Dividend Supreme.pdf
2025-08-22 01:14:00,965 - INFO -   Tentando pdfplumber...
2025-08-22 01:14:01,953 - INFO -   ✓ Sucesso com pdfplumber: 36585 chars
2025-08-22 01:14:01,953 - INFO - Convertendo: Hidróxido de Aluminio.pdf
2025-08-22 01:14:01,953 - INFO -   Tentando pdfplumber...
2025-08-22 01:14:02,164 - INFO -   ✓ Sucesso com pdfplumber: 7828 chars
2025-08-22 01:14:02,164 - INFO - Convertendo: Acetato de Zinco.pdf
2025-08-22 01:14:02,164 - INFO -   Tentando pdfplumber...
2025-08-22 01:14:02,338 - INFO -   ✓ Sucesso com pdfplumber: 7811 chars
2025-08-22 01:14:02,338 - INFO - Convertendo: Oxalato de Sódio.pdf
2025-08-22 01:14:02,338 - INFO -   Tentando pdfplumber...
2025-08-22 01:14:02,548 - INFO -   ✓ Sucesso com pdfplumber: 8256 chars
2025-08-22 01:14:02,548 - INFO - Convertendo: Sulfato de Niquel.pdf
2025-08-22 01:14:02,548 - INFO -   Tentando pdfplumber...
2025-08-22 01:14:02,755 - INFO -   ✓ Sucesso com pdfplumber: 8381 chars
2025-08-22 01:14:02,755 - INFO - Convertendo: Nitrobenzeno.pdf
2025-08-22 01:14:02,755 - INFO -   Tentando pdfplumber...
2025-08-22 01:14:02,957 - INFO -   ✓ Sucesso com pdfplumber: 8643 chars
2025-08-22 01:14:02,957 - INFO - Convertendo: Óleo de Imersão para Microscopia.pdf
2025-08-22 01:14:02,957 - INFO -   Tentando pdfplumber...
2025-08-22 01:14:03,223 - INFO -   ✓ Sucesso com pdfplumber: 11211 chars
2025-08-22 01:14:03,224 - INFO - Convertendo: Selenito de Sódio.pdf
2025-08-22 01:14:03,224 - INFO -   Tentando pdfplumber...
2025-08-22 01:14:03,432 - INFO -   ✓ Sucesso com pdfplumber: 8422 chars
2025-08-22 01:14:03,432 - INFO - Convertendo: Goma Xantana.pdf
2025-08-22 01:14:03,432 - INFO -   Tentando pdfplumber...
2025-08-22 01:14:03,614 - INFO -   ✓ Sucesso com pdfplumber: 7758 chars
2025-08-22 01:14:03,614 - INFO - Convertendo: Pentano.pdf
2025-08-22 01:14:03,614 - INFO -   Tentando pdfplumber...
2025-08-22 01:14:03,834 - INFO -   ✓ Sucesso com pdfplumber: 9128 chars
2025-08-22 01:14:03,834 - INFO - Convertendo: Sulfato de Manganes OSO H2O.pdf
2025-08-22 01:14:03,835 - INFO -   Tentando pdfplumber...
2025-08-22 01:14:04,055 - INFO -   ✓ Sucesso com pdfplumber: 8037 chars
2025-08-22 01:14:04,055 - INFO - Convertendo: Stinger WG Glifosato.pdf
2025-08-22 01:14:04,055 - INFO -   Tentando pdfplumber...
2025-08-22 01:14:07,438 - INFO -   ✓ Sucesso com pdfplumber: 203218 chars
2025-08-22 01:14:07,438 - INFO - Convertendo: PROPANO.pdf
2025-08-22 01:14:07,438 - INFO -   Tentando pdfplumber...
2025-08-22 01:14:07,844 - INFO -   ✓ Sucesso com pdfplumber: 19097 chars
2025-08-22 01:14:07,844 - INFO - Convertendo: Nipazol.pdf
2025-08-22 01:14:07,844 - INFO -   Tentando pdfplumber...
2025-08-22 01:14:08,012 - INFO -   ✓ Sucesso com pdfplumber: 7707 chars
2025-08-22 01:14:08,012 - INFO - Convertendo: Solução de Iodo 01N.pdf
2025-08-22 01:14:08,012 - INFO -   Tentando pdfplumber...
2025-08-22 01:14:08,209 - INFO -   ✓ Sucesso com pdfplumber: 7547 chars
2025-08-22 01:14:08,209 - INFO - Convertendo: Lactose Monohidratada.pdf
2025-08-22 01:14:08,209 - INFO -   Tentando pdfplumber...
2025-08-22 01:14:08,391 - INFO -   ✓ Sucesso com pdfplumber: 7771 chars
2025-08-22 01:14:08,391 - INFO - Convertendo: Cloreto de Bário Dihidratado.pdf
2025-08-22 01:14:08,391 - INFO -   Tentando pdfplumber...
2025-08-22 01:14:08,591 - INFO -   ✓ Sucesso com pdfplumber: 8404 chars
2025-08-22 01:14:08,591 - INFO - Convertendo: Ácido Bórico.pdf
2025-08-22 01:14:08,591 - INFO -   Tentando pdfplumber...
2025-08-22 01:14:09,280 - INFO -   ✓ Sucesso com pdfplumber: 20965 chars
2025-08-22 01:14:09,280 - INFO - Convertendo: Ácido Salicílico.pdf
2025-08-22 01:14:09,280 - INFO -   Tentando pdfplumber...
2025-08-22 01:14:09,498 - INFO -   ✓ Sucesso com pdfplumber: 8213 chars
2025-08-22 01:14:09,498 - INFO - Convertendo: Vermelho de Metila.pdf
2025-08-22 01:14:09,498 - INFO -   Tentando pdfplumber...
2025-08-22 01:14:09,692 - INFO -   ✓ Sucesso com pdfplumber: 7851 chars
2025-08-22 01:14:09,692 - INFO - Convertendo: Trioxido de Antimonio.pdf
2025-08-22 01:14:09,692 - INFO -   Tentando pdfplumber...
2025-08-22 01:14:09,906 - INFO -   ✓ Sucesso com pdfplumber: 8594 chars
2025-08-22 01:14:09,906 - INFO - Convertendo: Clorofórmio.pdf
2025-08-22 01:14:09,906 - INFO -   Tentando pdfplumber...
2025-08-22 01:14:10,121 - INFO -   ✓ Sucesso com pdfplumber: 9028 chars
2025-08-22 01:14:10,121 - INFO - Convertendo: Hidrogenio.pdf
2025-08-22 01:14:10,121 - INFO -   Tentando pdfplumber...
2025-08-22 01:14:10,662 - INFO -   ✓ Sucesso com pdfplumber: 18313 chars
2025-08-22 01:14:10,662 - INFO - Convertendo: Óleo Diesel S500.pdf
2025-08-22 01:14:10,662 - INFO -   Tentando pdfplumber...
2025-08-22 01:14:11,215 - INFO -   ✓ Sucesso com pdfplumber: 20803 chars
2025-08-22 01:14:11,215 - INFO - Convertendo: Subnitrato de Bismuto.pdf
2025-08-22 01:14:11,215 - INFO -   Tentando pdfplumber...
2025-08-22 01:14:11,426 - INFO -   ✓ Sucesso com pdfplumber: 7776 chars
2025-08-22 01:14:11,426 - INFO - Convertendo: Biftalato de Potássio.pdf
2025-08-22 01:14:11,426 - INFO -   Tentando pdfplumber...
2025-08-22 01:14:11,595 - INFO -   ✓ Sucesso com pdfplumber: 7783 chars
2025-08-22 01:14:11,595 - INFO - Convertendo: Orto Fenilenodiamina.pdf
2025-08-22 01:14:11,595 - INFO -   Tentando pdfplumber...
2025-08-22 01:14:12,434 - INFO -   ✓ Sucesso com pdfplumber: 25326 chars
2025-08-22 01:14:12,434 - INFO - Convertendo: Sulfato de Sódio Decahidratado.pdf
2025-08-22 01:14:12,434 - INFO -   Tentando pdfplumber...
2025-08-22 01:14:12,650 - INFO -   ✓ Sucesso com pdfplumber: 7924 chars
2025-08-22 01:14:12,651 - INFO - Convertendo: Vermelho de Fenol.pdf
2025-08-22 01:14:12,651 - INFO -   Tentando pdfplumber...
2025-08-22 01:14:12,846 - INFO -   ✓ Sucesso com pdfplumber: 7858 chars
2025-08-22 01:14:12,846 - INFO - Convertendo: Perborato de Sódio.pdf
2025-08-22 01:14:12,846 - INFO -   Tentando pdfplumber...
2025-08-22 01:14:13,043 - INFO -   ✓ Sucesso com pdfplumber: 7823 chars
2025-08-22 01:14:13,043 - INFO - Convertendo: Sulfato de Cobre Anidro.pdf
2025-08-22 01:14:13,043 - INFO -   Tentando pdfplumber...
2025-08-22 01:14:13,245 - INFO -   ✓ Sucesso com pdfplumber: 8318 chars
2025-08-22 01:14:13,245 - INFO - Convertendo: FOSFATO DE SÓDIO MONOBÁSICO MONOHIDRATADO.pdf
2025-08-22 01:14:13,245 - INFO -   Tentando pdfplumber...
2025-08-22 01:14:13,415 - INFO -   ✓ Sucesso com pdfplumber: 7922 chars
2025-08-22 01:14:13,415 - INFO - Convertendo: FOSFATO DE SÓDIO TRIBÁSICO DODECAHIDRATADO.pdf
2025-08-22 01:14:13,415 - INFO -   Tentando pdfplumber...
2025-08-22 01:14:13,612 - INFO -   ✓ Sucesso com pdfplumber: 7963 chars
2025-08-22 01:14:13,612 - INFO - Convertendo: Solução de Acido Sulfurico 1N.pdf
2025-08-22 01:14:13,612 - INFO -   Tentando pdfplumber...
2025-08-22 01:14:13,829 - INFO -   ✓ Sucesso com pdfplumber: 8689 chars
2025-08-22 01:14:13,829 - INFO - Convertendo: Carbonato de Sódio.pdf
2025-08-22 01:14:13,830 - INFO -   Tentando pdfplumber...
2025-08-22 01:14:14,018 - INFO -   ✓ Sucesso com pdfplumber: 7782 chars
2025-08-22 01:14:14,018 - INFO - Convertendo: Support.pdf
2025-08-22 01:14:14,018 - INFO -   Tentando pdfplumber...
2025-08-22 01:14:15,047 - INFO -   ✓ Sucesso com pdfplumber: 37245 chars
2025-08-22 01:14:15,047 - INFO - Convertendo: Solução de Hidroxido de Sódio 1 N.pdf
2025-08-22 01:14:15,047 - INFO -   Tentando pdfplumber...
2025-08-22 01:14:15,292 - INFO -   ✓ Sucesso com pdfplumber: 8694 chars
2025-08-22 01:14:15,293 - INFO - Convertendo: Sacarina Sodica.pdf
2025-08-22 01:14:15,293 - INFO -   Tentando pdfplumber...
2025-08-22 01:14:15,472 - INFO -   ✓ Sucesso com pdfplumber: 7891 chars
2025-08-22 01:14:15,472 - INFO - Convertendo: CAP 50-70.pdf
2025-08-22 01:14:15,472 - INFO -   Tentando pdfplumber...
2025-08-22 01:14:16,275 - INFO -   ✓ Sucesso com pdfplumber: 43903 chars
2025-08-22 01:14:16,275 - INFO - Convertendo: Solução pH 9.pdf
2025-08-22 01:14:16,275 - INFO -   Tentando pdfplumber...
2025-08-22 01:14:16,487 - INFO -   ✓ Sucesso com pdfplumber: 7560 chars
2025-08-22 01:14:16,487 - INFO - Convertendo: Hexacloroplatinato de Potássio.pdf
2025-08-22 01:14:16,487 - INFO -   Tentando pdfplumber...
2025-08-22 01:14:16,695 - INFO -   ✓ Sucesso com pdfplumber: 8433 chars
2025-08-22 01:14:16,695 - INFO - Convertendo: Lisina L.pdf
2025-08-22 01:14:16,695 - INFO -   Tentando pdfplumber...
2025-08-22 01:14:16,893 - INFO -   ✓ Sucesso com pdfplumber: 7812 chars
2025-08-22 01:14:16,893 - INFO - Convertendo: Solução Padrao Sabão Seg Clarck.pdf
2025-08-22 01:14:16,893 - INFO -   Tentando pdfplumber...
2025-08-22 01:14:17,064 - INFO -   ✓ Sucesso com pdfplumber: 7683 chars
2025-08-22 01:14:17,064 - INFO - Convertendo: Polivinilpirrolidona Iodo.pdf
2025-08-22 01:14:17,065 - INFO -   Tentando pdfplumber...
2025-08-22 01:14:17,260 - INFO -   ✓ Sucesso com pdfplumber: 7964 chars
2025-08-22 01:14:17,260 - INFO - Convertendo: Iodato de Potássio.pdf
2025-08-22 01:14:17,260 - INFO -   Tentando pdfplumber...
2025-08-22 01:14:17,463 - INFO -   ✓ Sucesso com pdfplumber: 8494 chars
2025-08-22 01:14:17,464 - INFO - Convertendo: Metano.pdf
2025-08-22 01:14:17,464 - INFO -   Tentando pdfplumber...
2025-08-22 01:14:17,822 - INFO -   ✓ Sucesso com pdfplumber: 19075 chars
2025-08-22 01:14:17,822 - INFO - Convertendo: Select 240 EC.pdf
2025-08-22 01:14:17,822 - INFO -   Tentando pdfplumber...
2025-08-22 01:14:18,767 - INFO -   ✓ Sucesso com pdfplumber: 37600 chars
2025-08-22 01:14:18,767 - INFO - Convertendo: Acetato de Sódio 3H2O.pdf
2025-08-22 01:14:18,767 - INFO -   Tentando pdfplumber...
2025-08-22 01:14:19,003 - INFO -   ✓ Sucesso com pdfplumber: 7883 chars
2025-08-22 01:14:19,003 - INFO - Convertendo: Tungstato de Sódio.pdf
2025-08-22 01:14:19,003 - INFO -   Tentando pdfplumber...
2025-08-22 01:14:19,198 - INFO -   ✓ Sucesso com pdfplumber: 7774 chars
2025-08-22 01:14:19,199 - INFO - Convertendo: Etilenoglicol.pdf
2025-08-22 01:14:19,199 - INFO -   Tentando pdfplumber...
2025-08-22 01:14:19,380 - INFO -   ✓ Sucesso com pdfplumber: 8220 chars
2025-08-22 01:14:19,381 - INFO - Convertendo: Persulfato de Sódio.pdf
2025-08-22 01:14:19,381 - INFO -   Tentando pdfplumber...
2025-08-22 01:14:19,586 - INFO -   ✓ Sucesso com pdfplumber: 8608 chars
2025-08-22 01:14:19,587 - INFO - Convertendo: Heptano.pdf
2025-08-22 01:14:19,587 - INFO -   Tentando pdfplumber...
2025-08-22 01:14:19,801 - INFO -   ✓ Sucesso com pdfplumber: 9212 chars
2025-08-22 01:14:19,801 - INFO - Convertendo: Sulfato de Zinco H2O.pdf
2025-08-22 01:14:19,801 - INFO -   Tentando pdfplumber...
2025-08-22 01:14:19,997 - INFO -   ✓ Sucesso com pdfplumber: 7829 chars
2025-08-22 01:14:19,997 - INFO - Convertendo: Iodo RESSUBLIMADO.pdf
2025-08-22 01:14:19,997 - INFO -   Tentando pdfplumber...
2025-08-22 01:14:20,166 - INFO -   ✓ Sucesso com pdfplumber: 10860 chars
2025-08-22 01:14:20,167 - INFO - Convertendo: Metabissulfito de Potássio.pdf
2025-08-22 01:14:20,167 - INFO -   Tentando pdfplumber...
2025-08-22 01:14:20,359 - INFO -   ✓ Sucesso com pdfplumber: 8012 chars
2025-08-22 01:14:20,359 - INFO - Convertendo: Eosina Azul de Metileno seg Leishman.PDF
2025-08-22 01:14:20,359 - INFO -   Tentando pdfplumber...
2025-08-22 01:14:20,906 - INFO -   ✓ Sucesso com pdfplumber: 17902 chars
2025-08-22 01:14:20,906 - INFO - Convertendo: Guaiacol.PDF
2025-08-22 01:14:20,906 - INFO -   Tentando pdfplumber...
2025-08-22 01:14:21,359 - INFO -   ✓ Sucesso com pdfplumber: 17985 chars
2025-08-22 01:14:21,359 - INFO - Convertendo: Sudan Vermelho.PDF
2025-08-22 01:14:21,359 - INFO -   Tentando pdfplumber...
2025-08-22 01:14:21,682 - INFO -   ✓ Sucesso com pdfplumber: 13476 chars
2025-08-22 01:14:21,682 - INFO - 
=== RELATÓRIO FINAL ===
2025-08-22 01:14:21,682 - INFO - Total: 454
2025-08-22 01:14:21,682 - INFO - Convertidos: 454
2025-08-22 01:14:21,682 - INFO - Pulados: 0
2025-08-22 01:14:21,682 - INFO - Falharam: 0
2025-08-22 01:14:21,682 - INFO - Taxa de sucesso: 100.0%
2025-08-22 01:14:21,683 - INFO - Arquivos TXT criados: 454
